{"C:\\Users\\MarianoR\\source\\repos\\vue-practice\\src\\playground.js": {"path":"C:\\Users\\MarianoR\\source\\repos\\vue-practice\\src\\playground.js","statementMap":{"0":{"start":{"line":1,"column":25},"end":{"line":7,"column":1}},"1":{"start":{"line":2,"column":2},"end":{"line":6,"column":3}},"2":{"start":{"line":3,"column":4},"end":{"line":3,"column":18}},"3":{"start":{"line":5,"column":4},"end":{"line":5,"column":17}},"4":{"start":{"line":9,"column":24},"end":{"line":11,"column":1}},"5":{"start":{"line":10,"column":2},"end":{"line":10,"column":15}}},"fnMap":{"0":{"name":"(anonymous_0)","decl":{"start":{"line":1,"column":25},"end":{"line":1,"column":26}},"loc":{"start":{"line":1,"column":37},"end":{"line":7,"column":1}},"line":1},"1":{"name":"(anonymous_1)","decl":{"start":{"line":9,"column":24},"end":{"line":9,"column":25}},"loc":{"start":{"line":9,"column":34},"end":{"line":11,"column":1}},"line":9}},"branchMap":{"0":{"loc":{"start":{"line":2,"column":2},"end":{"line":6,"column":3}},"type":"if","locations":[{"start":{"line":2,"column":2},"end":{"line":6,"column":3}},{"start":{"line":4,"column":9},"end":{"line":6,"column":3}}],"line":2}},"s":{"0":1,"1":2,"2":1,"3":1,"4":1,"5":1},"f":{"0":2,"1":1},"b":{"0":[1,1]},"_coverageSchema":"1a1c01bbd47fc00a2c39e90264f33305004495a9","hash":"4da6b3ac035f20c1a0eb9f0aa7ffe964242e13d8"}
,"C:\\Users\\MarianoR\\source\\repos\\vue-practice\\src\\components\\MainNav.vue": {"path":"C:\\Users\\MarianoR\\source\\repos\\vue-practice\\src\\components\\MainNav.vue","statementMap":{"0":{"start":{"line":4,"column":0},"end":{"line":6,"column":3}},"1":{"start":{"line":7,"column":0},"end":{"line":7,"column":25}},"2":{"start":{"line":9,"column":15},"end":{"line":27,"column":1}},"3":{"start":{"line":22,"column":4},"end":{"line":25,"column":6}},"4":{"start":{"line":30,"column":0},"end":{"line":30,"column":13}},"5":{"start":{"line":32,"column":0},"end":{"line":34,"column":3}},"6":{"start":{"line":35,"column":0},"end":{"line":35,"column":24}},"7":{"start":{"line":36,"column":11},"end":{"line":36,"column":25}},"8":{"start":{"line":37,"column":19},"end":{"line":39,"column":1}},"9":{"start":{"line":40,"column":19},"end":{"line":42,"column":1}},"10":{"start":{"line":43,"column":19},"end":{"line":45,"column":1}},"11":{"start":{"line":46,"column":19},"end":{"line":46,"column":27}},"12":{"start":{"line":47,"column":19},"end":{"line":49,"column":1}},"13":{"start":{"line":50,"column":19},"end":{"line":52,"column":1}},"14":{"start":{"line":53,"column":19},"end":{"line":53,"column":27}},"15":{"start":{"line":55,"column":2},"end":{"line":67,"column":43}},"16":{"start":{"line":59,"column":4},"end":{"line":66,"column":94}},"17":{"start":{"line":68,"column":2},"end":{"line":68,"column":49}}},"fnMap":{"0":{"name":"(anonymous_0)","decl":{"start":{"line":19,"column":2},"end":{"line":19,"column":3}},"loc":{"start":{"line":19,"column":9},"end":{"line":26,"column":3}},"line":19},"1":{"name":"render","decl":{"start":{"line":54,"column":9},"end":{"line":54,"column":15}},"loc":{"start":{"line":54,"column":30},"end":{"line":68,"column":1}},"line":54},"2":{"name":"(anonymous_2)","decl":{"start":{"line":58,"column":539},"end":{"line":58,"column":540}},"loc":{"start":{"line":58,"column":560},"end":{"line":67,"column":3}},"line":58}},"branchMap":{"0":{"loc":{"start":{"line":61,"column":41},"end":{"line":61,"column":85}},"type":"cond-expr","locations":[{"start":{"line":61,"column":55},"end":{"line":61,"column":68}},{"start":{"line":61,"column":71},"end":{"line":61,"column":85}}],"line":61}},"s":{"0":1,"1":1,"2":1,"3":3,"4":1,"5":1,"6":1,"7":1,"8":1,"9":1,"10":1,"11":1,"12":1,"13":1,"14":1,"15":4,"16":24,"17":1},"f":{"0":3,"1":4,"2":24},"b":{"0":[4,20]},"inputSourceMap":{"0":"{","1":"\"","2":"v","3":"e","4":"r","5":"s","6":"i","7":"o","8":"n","9":"\"","10":":","11":"3","12":",","13":"\"","14":"s","15":"o","16":"u","17":"r","18":"c","19":"e","20":"s","21":"\"","22":":","23":"[","24":"\"","25":"C","26":":","27":"\\","28":"\\","29":"U","30":"s","31":"e","32":"r","33":"s","34":"\\","35":"\\","36":"M","37":"a","38":"r","39":"i","40":"a","41":"n","42":"o","43":"R","44":"\\","45":"\\","46":"s","47":"o","48":"u","49":"r","50":"c","51":"e","52":"\\","53":"\\","54":"r","55":"e","56":"p","57":"o","58":"s","59":"\\","60":"\\","61":"v","62":"u","63":"e","64":"-","65":"p","66":"r","67":"a","68":"c","69":"t","70":"i","71":"c","72":"e","73":"\\","74":"\\","75":"s","76":"r","77":"c","78":"\\","79":"\\","80":"c","81":"o","82":"m","83":"p","84":"o","85":"n","86":"e","87":"n","88":"t","89":"s","90":"\\","91":"\\","92":"M","93":"a","94":"i","95":"n","96":"N","97":"a","98":"v","99":".","100":"v","101":"u","102":"e","103":"\"","104":"]","105":",","106":"\"","107":"n","108":"a","109":"m","110":"e","111":"s","112":"\"","113":":","114":"[","115":"]","116":",","117":"\"","118":"m","119":"a","120":"p","121":"p","122":"i","123":"n","124":"g","125":"s","126":"\"","127":":","128":"\"","129":";","130":";","131":";","132":";","133":";","134":";","135":";","136":"A","137":"A","138":"+","139":"B","140":"A","141":";","142":"A","143":"A","144":"A","145":"A","146":",","147":"e","148":"A","149":"C","150":"e","151":";","152":"E","153":"A","154":"C","155":"b","156":",","157":"I","158":"A","159":"A","160":"I","161":",","162":"E","163":"A","164":"A","165":"E","166":",","167":"S","168":"A","169":"A","170":"S","171":";","172":"E","173":"A","174":"A","175":"E","176":";","177":"E","178":"A","179":"C","180":"j","181":"B","182":",","183":"K","184":"A","185":"A","186":"K","187":",","188":"E","189":"A","190":"A","191":"E","192":";","193":"I","194":"A","195":"C","196":"L","197":",","198":"O","199":"A","200":"A","201":"O","202":",","203":"E","204":"A","205":"A","206":"E","207":";","208":"M","209":"A","210":"C","211":"P","212":",","213":"I","214":"A","215":"A","216":"I","217":",","218":"E","219":"A","220":"A","221":"E","222":",","223":"M","224":"A","225":"A","226":"M","227":";","228":"M","229":"A","230":"C","231":"Z","232":",","233":"O","234":"A","235":"A","236":"O","237":",","238":"E","239":"A","240":"A","241":"G","242":",","243":"a","244":"A","245":"A","246":"Y","247":",","248":"C","249":"A","250":"A","251":"E","252":";","253":"I","254":"A","255":"C","256":"1","257":"B","258":";","259":"E","260":"A","261":"C","262":"F","263":",","264":"C","265":"A","266":"A","267":"C","268":";","269":";","270":"E","271":"A","272":"C","273":"D","274":",","275":"I","276":"A","277":"A","278":"I","279":",","280":"G","281":"A","282":"A","283":"G","284":";","285":"I","286":"A","287":"C","288":"L","289":";","290":"I","291":"A","292":"C","293":"A","294":";","295":"I","296":"A","297":"C","298":"A","299":",","300":"O","301":"A","302":"A","303":"O","304":";","305":"M","306":"A","307":"C","308":"L","309":",","310":"G","311":"A","312":"A","313":"G","314":",","315":"E","316":"A","317":"A","318":"E","319":",","320":"6","321":"B","322":"A","323":"A","324":"6","325":"B","326":";","327":"M","328":"A","329":"C","330":"l","331":"C","332":",","333":"S","334":"A","335":"A","336":"S","337":",","338":"E","339":"A","340":"A","341":"E","342":",","343":"C","344":"A","345":"C","346":"T","347":",","348":"O","349":"A","350":"A","351":"O","352":",","353":"E","354":"A","355":"A","356":"C","357":",","358":"W","359":"A","360":"A","361":"W","362":",","363":"E","364":"A","365":"A","366":"E","367":",","368":"s","369":"B","370":"A","371":"A","372":"s","373":"B","374":",","375":"E","376":"A","377":"A","378":"C","379":",","380":"a","381":"A","382":"A","383":"a","384":",","385":"E","386":"A","387":"A","388":"C","389":",","390":"U","391":"A","392":"A","393":"U","394":",","395":"E","396":"A","397":"A","398":"E","399":",","400":"M","401":"A","402":"A","403":"M","404":";","405":"I","406":"A","407":"E","408":"h","409":"F","410":",","411":"C","412":"A","413":"A","414":"C","415":";","416":"E","417":"A","418":"C","419":"H","420":";","421":"A","422":"A","423":"C","424":"F","425":",","426":"C","427":"A","428":"A","429":"C","430":";","431":"A","432":"A","433":"A","434":"A","435":";","436":"A","437":"A","438":"A","439":"A","440":"\"","441":",","442":"\"","443":"f","444":"i","445":"l","446":"e","447":"\"","448":":","449":"\"","450":"C","451":":","452":"\\","453":"\\","454":"U","455":"s","456":"e","457":"r","458":"s","459":"\\","460":"\\","461":"M","462":"a","463":"r","464":"i","465":"a","466":"n","467":"o","468":"R","469":"\\","470":"\\","471":"s","472":"o","473":"u","474":"r","475":"c","476":"e","477":"\\","478":"\\","479":"r","480":"e","481":"p","482":"o","483":"s","484":"\\","485":"\\","486":"v","487":"u","488":"e","489":"-","490":"p","491":"r","492":"a","493":"c","494":"t","495":"i","496":"c","497":"e","498":"\\","499":"\\","500":"s","501":"r","502":"c","503":"\\","504":"\\","505":"c","506":"o","507":"m","508":"p","509":"o","510":"n","511":"e","512":"n","513":"t","514":"s","515":"\\","516":"\\","517":"M","518":"a","519":"i","520":"n","521":"N","522":"a","523":"v","524":".","525":"v","526":"u","527":"e","528":"\"","529":",","530":"\"","531":"s","532":"o","533":"u","534":"r","535":"c","536":"e","537":"s","538":"C","539":"o","540":"n","541":"t","542":"e","543":"n","544":"t","545":"\"","546":":","547":"[","548":"\"","549":"<","550":"t","551":"e","552":"m","553":"p","554":"l","555":"a","556":"t","557":"e","558":">","559":"\\","560":"r","561":"\\","562":"n","563":" ","564":" ","565":"<","566":"h","567":"e","568":"a","569":"d","570":"e","571":"r","572":" ","573":"c","574":"l","575":"a","576":"s","577":"s","578":"=","579":"\\","580":"\"","581":"w","582":"-","583":"f","584":"u","585":"l","586":"l","587":" ","588":"t","589":"e","590":"x","591":"t","592":"-","593":"s","594":"m","595":"\\","596":"\"","597":">","598":"\\","599":"r","600":"\\","601":"n","602":" ","603":" ","604":" ","605":" ","606":"<","607":"d","608":"i","609":"v","610":" ","611":"c","612":"l","613":"a","614":"s","615":"s","616":"=","617":"\\","618":"\"","619":"f","620":"i","621":"x","622":"e","623":"d","624":" ","625":"t","626":"o","627":"p","628":"-","629":"0","630":" ","631":"l","632":"e","633":"f","634":"t","635":"-","636":"0","637":" ","638":"w","639":"-","640":"f","641":"u","642":"l","643":"l","644":" ","645":"h","646":"-","647":"1","648":"6","649":" ","650":"b","651":"g","652":"-","653":"w","654":"h","655":"i","656":"t","657":"e","658":"\\","659":"\"","660":">","661":"\\","662":"r","663":"\\","664":"n","665":" ","666":" ","667":" ","668":" ","669":" ","670":" ","671":"<","672":"d","673":"i","674":"v","675":"\\","676":"r","677":"\\","678":"n","679":" ","680":" ","681":" ","682":" ","683":" ","684":" ","685":" ","686":" ","687":"c","688":"l","689":"a","690":"s","691":"s","692":"=","693":"\\","694":"\"","695":"f","696":"l","697":"e","698":"x","699":" ","700":"f","701":"l","702":"e","703":"x","704":"-","705":"n","706":"o","707":"w","708":"r","709":"a","710":"p","711":" ","712":"h","713":"-","714":"f","715":"u","716":"l","717":"l","718":" ","719":"p","720":"x","721":"-","722":"8","723":" ","724":"m","725":"x","726":"-","727":"a","728":"u","729":"t","730":"o","731":" ","732":"b","733":"o","734":"r","735":"d","736":"e","737":"r","738":"-","739":"b","740":" ","741":"b","742":"o","743":"r","744":"d","745":"e","746":"r","747":"-","748":"s","749":"o","750":"l","751":"i","752":"d","753":" ","754":"b","755":"o","756":"r","757":"d","758":"e","759":"r","760":"-","761":"b","762":"r","763":"a","764":"n","765":"d","766":"-","767":"g","768":"r","769":"a","770":"y","771":"-","772":"1","773":"\\","774":"\"","775":"\\","776":"r","777":"\\","778":"n","779":" ","780":" ","781":" ","782":" ","783":" ","784":" ","785":">","786":"\\","787":"r","788":"\\","789":"n","790":" ","791":" ","792":" ","793":" ","794":" ","795":" ","796":" ","797":" ","798":"<","799":"!","800":"-","801":"-","802":" ","803":"v","804":"-","805":"b","806":"i","807":"n","808":"d","809":" ","810":"c","811":"a","812":"n","813":" ","814":"b","815":"i","816":"n","817":"d","818":" ","819":"t","820":"o","821":" ","822":"a","823":"n","824":"y","825":" ","826":"v","827":"a","828":"l","829":"i","830":"d","831":" ","832":"h","833":"t","834":"m","835":"l","836":" ","837":"a","838":"t","839":"t","840":"r","841":"i","842":"b","843":"u","844":"t","845":"e","846":" ","847":" ","848":" ","849":":","850":" ","851":"i","852":"s","853":" ","854":"t","855":"h","856":"e","857":" ","858":"s","859":"h","860":"o","861":"r","862":"t","863":"e","864":"n","865":"e","866":"d","867":" ","868":"f","869":"o","870":"r","871":"m","872":" ","873":"o","874":"f","875":" ","876":"v","877":"-","878":"b","879":"i","880":"n","881":"d","882":":","883":" ","884":"-","885":"-","886":">","887":"\\","888":"r","889":"\\","890":"n","891":" ","892":" ","893":" ","894":" ","895":" ","896":" ","897":" ","898":" ","899":"<","900":"a","901":" ","902":":","903":"h","904":"r","905":"e","906":"f","907":"=","908":"\\","909":"\"","910":"u","911":"r","912":"l","913":"\\","914":"\"","915":" ","916":"c","917":"l","918":"a","919":"s","920":"s","921":"=","922":"\\","923":"\"","924":"f","925":"l","926":"e","927":"x","928":" ","929":"i","930":"t","931":"e","932":"m","933":"s","934":"-","935":"c","936":"e","937":"n","938":"t","939":"e","940":"r","941":" ","942":"h","943":"-","944":"f","945":"u","946":"l","947":"l","948":" ","949":"t","950":"e","951":"x","952":"t","953":"-","954":"x","955":"l","956":" ","957":"f","958":"o","959":"n","960":"t","961":"-","962":"b","963":"o","964":"l","965":"d","966":"\\","967":"\"","968":">","969":"\\","970":"r","971":"\\","972":"n","973":" ","974":" ","975":" ","976":" ","977":" ","978":" ","979":" ","980":" ","981":" ","982":" ","983":"{","984":"{","985":" ","986":"c","987":"o","988":"m","989":"p","990":"a","991":"n","992":"y","993":" ","994":"}","995":"}","996":"\\","997":"r","998":"\\","999":"n","1000":" ","1001":" ","1002":" ","1003":" ","1004":" ","1005":" ","1006":" ","1007":" ","1008":"<","1009":"/","1010":"a","1011":">","1012":"\\","1013":"r","1014":"\\","1015":"n","1016":" ","1017":" ","1018":" ","1019":" ","1020":" ","1021":" ","1022":" ","1023":" ","1024":"<","1025":"n","1026":"a","1027":"v","1028":" ","1029":"c","1030":"l","1031":"a","1032":"s","1033":"s","1034":"=","1035":"\\","1036":"\"","1037":"h","1038":"-","1039":"f","1040":"u","1041":"l","1042":"l","1043":" ","1044":"m","1045":"l","1046":"-","1047":"1","1048":"2","1049":"\\","1050":"\"","1051":">","1052":"\\","1053":"r","1054":"\\","1055":"n","1056":" ","1057":" ","1058":" ","1059":" ","1060":" ","1061":" ","1062":" ","1063":" ","1064":" ","1065":" ","1066":"<","1067":"u","1068":"l","1069":" ","1070":"c","1071":"l","1072":"a","1073":"s","1074":"s","1075":"=","1076":"\\","1077":"\"","1078":"f","1079":"l","1080":"e","1081":"x","1082":" ","1083":"h","1084":"-","1085":"f","1086":"u","1087":"l","1088":"l","1089":" ","1090":"p","1091":"-","1092":"0","1093":" ","1094":"m","1095":"-","1096":"0","1097":" ","1098":"l","1099":"i","1100":"s","1101":"t","1102":"-","1103":"n","1104":"o","1105":"n","1106":"e","1107":"\\","1108":"\"","1109":">","1110":"\\","1111":"r","1112":"\\","1113":"n","1114":" ","1115":" ","1116":" ","1117":" ","1118":" ","1119":" ","1120":" ","1121":" ","1122":" ","1123":" ","1124":" ","1125":" ","1126":"<","1127":"!","1128":"-","1129":"-","1130":" ","1131":"p","1132":"r","1133":"e","1134":"t","1135":"t","1136":"i","1137":"e","1138":"r","1139":"-","1140":"i","1141":"g","1142":"n","1143":"o","1144":"r","1145":"e","1146":" ","1147":" ","1148":"a","1149":" ","1150":"f","1151":"i","1152":"r","1153":"s","1154":"t","1155":":","1156":"m","1157":"l","1158":"-","1159":"0","1160":" ","1161":"w","1162":"o","1163":"u","1164":"l","1165":"d","1166":" ","1167":"h","1168":"a","1169":"v","1170":"e","1171":" ","1172":"s","1173":"u","1174":"f","1175":"f","1176":"i","1177":"c","1178":"e","1179":"d","1180":" ","1181":"s","1182":"i","1183":"n","1184":"c","1185":"e","1186":" ","1187":"w","1188":"e","1189":" ","1190":"a","1191":"d","1192":"d","1193":"e","1194":"d","1195":" ","1196":"a","1197":" ","1198":"v","1199":"a","1200":"r","1201":"i","1202":"a","1203":"n","1204":"t","1205":" ","1206":"t","1207":"o","1208":" ","1209":"t","1210":"h","1211":"e","1212":" ","1213":"t","1214":"a","1215":"i","1216":"l","1217":"w","1218":"i","1219":"n","1220":"d","1221":".","1222":"c","1223":"o","1224":"n","1225":"f","1226":"i","1227":"g","1228":" ","1229":"t","1230":"h","1231":"a","1232":"t","1233":" ","1234":"e","1235":"n","1236":"a","1237":"b","1238":"l","1239":"e","1240":"s","1241":" ","1242":"y","1243":"o","1244":"u","1245":" ","1246":"t","1247":"o","1248":" ","1249":"a","1250":"p","1251":"p","1252":"l","1253":"y","1254":" ","1255":"a","1256":" ","1257":"d","1258":"i","1259":"f","1260":"f","1261":"e","1262":"r","1263":"e","1264":"n","1265":"t","1266":" ","1267":"s","1268":"t","1269":"y","1270":"l","1271":"e","1272":" ","1273":"t","1274":"o","1275":" ","1276":"t","1277":"h","1278":"e","1279":" ","1280":"f","1281":"i","1282":"r","1283":"s","1284":"t","1285":" ","1286":"e","1287":"l","1288":"e","1289":"m","1290":"e","1291":"n","1292":"t","1293":".","1294":" ","1295":"I","1296":" ","1297":"w","1298":"a","1299":"n","1300":"t","1301":"e","1302":"d","1303":" ","1304":"t","1305":"o","1306":" ","1307":"p","1308":"l","1309":"a","1310":"y","1311":" ","1312":"w","1313":"i","1314":"t","1315":"h","1316":" ","1317":"c","1318":"o","1319":"n","1320":"d","1321":"i","1322":"t","1323":"i","1324":"o","1325":"n","1326":"a","1327":"l","1328":" ","1329":"t","1330":"e","1331":"r","1332":"n","1333":"a","1334":"r","1335":"i","1336":"e","1337":"s","1338":" ","1339":"t","1340":"h","1341":"o","1342":" ","1343":"-","1344":"-","1345":">","1346":"\\","1347":"r","1348":"\\","1349":"n","1350":" ","1351":" ","1352":" ","1353":" ","1354":" ","1355":" ","1356":" ","1357":" ","1358":" ","1359":" ","1360":" ","1361":" ","1362":"<","1363":"l","1364":"i","1365":"\\","1366":"r","1367":"\\","1368":"n","1369":" ","1370":" ","1371":" ","1372":" ","1373":" ","1374":" ","1375":" ","1376":" ","1377":" ","1378":" ","1379":" ","1380":" ","1381":" ","1382":" ","1383":"v","1384":"-","1385":"f","1386":"o","1387":"r","1388":"=","1389":"\\","1390":"\"","1391":"(","1392":"m","1393":"e","1394":"n","1395":"u","1396":"I","1397":"t","1398":"e","1399":"m","1400":",","1401":" ","1402":"i","1403":"n","1404":"d","1405":"e","1406":"x","1407":")","1408":" ","1409":"i","1410":"n","1411":" ","1412":"m","1413":"e","1414":"n","1415":"u","1416":"I","1417":"t","1418":"e","1419":"m","1420":"s","1421":"\\","1422":"\"","1423":"\\","1424":"r","1425":"\\","1426":"n","1427":" ","1428":" ","1429":" ","1430":" ","1431":" ","1432":" ","1433":" ","1434":" ","1435":" ","1436":" ","1437":" ","1438":" ","1439":" ","1440":" ","1441":":","1442":"k","1443":"e","1444":"y","1445":"=","1446":"\\","1447":"\"","1448":"i","1449":"n","1450":"d","1451":"e","1452":"x","1453":"\\","1454":"\"","1455":"\\","1456":"r","1457":"\\","1458":"n","1459":" ","1460":" ","1461":" ","1462":" ","1463":" ","1464":" ","1465":" ","1466":" ","1467":" ","1468":" ","1469":" ","1470":" ","1471":" ","1472":" ","1473":":","1474":"c","1475":"l","1476":"a","1477":"s","1478":"s","1479":"=","1480":"\\","1481":"\"","1482":"`","1483":"$","1484":"{","1485":"i","1486":"n","1487":"d","1488":"e","1489":"x","1490":" ","1491":"=","1492":"=","1493":"=","1494":" ","1495":"0","1496":" ","1497":"?","1498":" ","1499":"'","1500":"h","1501":"-","1502":"f","1503":"u","1504":"l","1505":"l","1506":" ","1507":"m","1508":"l","1509":"-","1510":"0","1511":"'","1512":" ","1513":":","1514":" ","1515":"'","1516":"h","1517":"-","1518":"f","1519":"u","1520":"l","1521":"l","1522":" ","1523":"m","1524":"l","1525":"-","1526":"9","1527":" ","1528":"'","1529":"}","1530":" ","1531":"`","1532":"\\","1533":"\"","1534":"\\","1535":"r","1536":"\\","1537":"n","1538":" ","1539":" ","1540":" ","1541":" ","1542":" ","1543":" ","1544":" ","1545":" ","1546":" ","1547":" ","1548":" ","1549":" ","1550":" ","1551":" ","1552":"d","1553":"a","1554":"t","1555":"a","1556":"-","1557":"t","1558":"e","1559":"s","1560":"t","1561":"=","1562":"\\","1563":"\"","1564":"m","1565":"a","1566":"i","1567":"n","1568":"-","1569":"n","1570":"a","1571":"v","1572":"-","1573":"i","1574":"t","1575":"e","1576":"m","1577":"\\","1578":"\"","1579":"\\","1580":"r","1581":"\\","1582":"n","1583":" ","1584":" ","1585":" ","1586":" ","1587":" ","1588":" ","1589":" ","1590":" ","1591":" ","1592":" ","1593":" ","1594":" ","1595":">","1596":"\\","1597":"r","1598":"\\","1599":"n","1600":" ","1601":" ","1602":" ","1603":" ","1604":" ","1605":" ","1606":" ","1607":" ","1608":" ","1609":" ","1610":" ","1611":" ","1612":" ","1613":" ","1614":"<","1615":"a","1616":" ","1617":":","1618":"h","1619":"r","1620":"e","1621":"f","1622":"=","1623":"\\","1624":"\"","1625":"i","1626":"n","1627":"d","1628":"e","1629":"x","1630":"\\","1631":"\"","1632":" ","1633":"c","1634":"l","1635":"a","1636":"s","1637":"s","1638":"=","1639":"\\","1640":"\"","1641":"f","1642":"l","1643":"e","1644":"x","1645":" ","1646":"i","1647":"t","1648":"e","1649":"m","1650":"s","1651":"-","1652":"c","1653":"e","1654":"n","1655":"t","1656":"e","1657":"r","1658":" ","1659":"h","1660":"-","1661":"f","1662":"u","1663":"l","1664":"l","1665":" ","1666":"p","1667":"y","1668":"-","1669":"2","1670":".","1671":"5","1672":"\\","1673":"\"","1674":">","1675":"\\","1676":"r","1677":"\\","1678":"n","1679":" ","1680":" ","1681":" ","1682":" ","1683":" ","1684":" ","1685":" ","1686":" ","1687":" ","1688":" ","1689":" ","1690":" ","1691":" ","1692":" ","1693":" ","1694":" ","1695":"{","1696":"{","1697":" ","1698":"m","1699":"e","1700":"n","1701":"u","1702":"I","1703":"t","1704":"e","1705":"m","1706":" ","1707":"}","1708":"}","1709":"\\","1710":"r","1711":"\\","1712":"n","1713":" ","1714":" ","1715":" ","1716":" ","1717":" ","1718":" ","1719":" ","1720":" ","1721":" ","1722":" ","1723":" ","1724":" ","1725":" ","1726":" ","1727":"<","1728":"/","1729":"a","1730":">","1731":"\\","1732":"r","1733":"\\","1734":"n","1735":" ","1736":" ","1737":" ","1738":" ","1739":" ","1740":" ","1741":" ","1742":" ","1743":" ","1744":" ","1745":" ","1746":" ","1747":"<","1748":"/","1749":"l","1750":"i","1751":">","1752":"\\","1753":"r","1754":"\\","1755":"n","1756":" ","1757":" ","1758":" ","1759":" ","1760":" ","1761":" ","1762":" ","1763":" ","1764":" ","1765":" ","1766":"<","1767":"/","1768":"u","1769":"l","1770":">","1771":"\\","1772":"r","1773":"\\","1774":"n","1775":" ","1776":" ","1777":" ","1778":" ","1779":" ","1780":" ","1781":" ","1782":" ","1783":"<","1784":"/","1785":"n","1786":"a","1787":"v","1788":">","1789":"\\","1790":"r","1791":"\\","1792":"n","1793":" ","1794":" ","1795":" ","1796":" ","1797":" ","1798":" ","1799":"<","1800":"/","1801":"d","1802":"i","1803":"v","1804":">","1805":"\\","1806":"r","1807":"\\","1808":"n","1809":" ","1810":" ","1811":" ","1812":" ","1813":"<","1814":"/","1815":"d","1816":"i","1817":"v","1818":">","1819":"\\","1820":"r","1821":"\\","1822":"n","1823":" ","1824":" ","1825":"<","1826":"/","1827":"h","1828":"e","1829":"a","1830":"d","1831":"e","1832":"r","1833":">","1834":"\\","1835":"r","1836":"\\","1837":"n","1838":"<","1839":"/","1840":"t","1841":"e","1842":"m","1843":"p","1844":"l","1845":"a","1846":"t","1847":"e","1848":">","1849":"\\","1850":"r","1851":"\\","1852":"n","1853":"\\","1854":"r","1855":"\\","1856":"n","1857":"<","1858":"s","1859":"c","1860":"r","1861":"i","1862":"p","1863":"t","1864":">","1865":"\\","1866":"r","1867":"\\","1868":"n","1869":"/","1870":"/","1871":"p","1872":"r","1873":"e","1874":"t","1875":"t","1876":"i","1877":"e","1878":"r","1879":"-","1880":"i","1881":"g","1882":"n","1883":"o","1884":"r","1885":"e","1886":"\\","1887":"r","1888":"\\","1889":"n","1890":"e","1891":"x","1892":"p","1893":"o","1894":"r","1895":"t","1896":" ","1897":"d","1898":"e","1899":"f","1900":"a","1901":"u","1902":"l","1903":"t","1904":" ","1905":"{","1906":"\\","1907":"r","1908":"\\","1909":"n","1910":" ","1911":" ","1912":"n","1913":"a","1914":"m","1915":"e","1916":":","1917":" ","1918":"\\","1919":"\"","1920":"M","1921":"a","1922":"i","1923":"n","1924":"N","1925":"a","1926":"v","1927":"\\","1928":"\"","1929":",","1930":" ","1931":"/","1932":"/","1933":"n","1934":"a","1935":"m","1936":"e","1937":" ","1938":"o","1939":"f","1940":" ","1941":"c","1942":"o","1943":"m","1944":"p","1945":"o","1946":"n","1947":"e","1948":"n","1949":"t","1950":"\\","1951":"r","1952":"\\","1953":"n","1954":" ","1955":" ","1956":"p","1957":"r","1958":"o","1959":"p","1960":"s","1961":":","1962":" ","1963":"{","1964":"\\","1965":"r","1966":"\\","1967":"n","1968":" ","1969":" ","1970":" ","1971":" ","1972":"c","1973":"o","1974":"m","1975":"p","1976":"a","1977":"n","1978":"y","1979":":","1980":" ","1981":"{","1982":"\\","1983":"r","1984":"\\","1985":"n","1986":" ","1987":" ","1988":" ","1989":" ","1990":" ","1991":" ","1992":"t","1993":"y","1994":"p","1995":"e","1996":":","1997":" ","1998":"S","1999":"t","2000":"r","2001":"i","2002":"n","2003":"g","2004":",","2005":"\\","2006":"r","2007":"\\","2008":"n","2009":" ","2010":" ","2011":" ","2012":" ","2013":" ","2014":" ","2015":"d","2016":"e","2017":"f","2018":"a","2019":"u","2020":"l","2021":"t","2022":":","2023":" ","2024":"`","2025":"V","2026":"u","2027":"e","2028":" ","2029":"C","2030":"a","2031":"r","2032":"e","2033":"e","2034":"r","2035":"s","2036":"`","2037":",","2038":" ","2039":"/","2040":"/","2041":"D","2042":"e","2043":"f","2044":"a","2045":"u","2046":"l","2047":"t","2048":" ","2049":"p","2050":"r","2051":"o","2052":"p","2053":" ","2054":"e","2055":"x","2056":"a","2057":"m","2058":"p","2059":"l","2060":"e","2061":"\\","2062":"r","2063":"\\","2064":"n","2065":" ","2066":" ","2067":" ","2068":" ","2069":"}","2070":",","2071":"\\","2072":"r","2073":"\\","2074":"n","2075":" ","2076":" ","2077":"}","2078":",","2079":"\\","2080":"r","2081":"\\","2082":"n","2083":" ","2084":" ","2085":"d","2086":"a","2087":"t","2088":"a","2089":"(","2090":")","2091":" ","2092":"{","2093":"\\","2094":"r","2095":"\\","2096":"n","2097":" ","2098":" ","2099":" ","2100":" ","2101":"/","2102":"/","2103":"?","2104":" ","2105":"I","2106":"n","2107":"-","2108":"c","2109":"o","2110":"m","2111":"p","2112":"o","2113":"n","2114":"e","2115":"n","2116":"t","2117":" ","2118":"l","2119":"o","2120":"g","2121":"i","2122":"c","2123":" ","2124":"a","2125":"n","2126":"d","2127":" ","2128":"v","2129":"a","2130":"r","2131":"s","2132":"\\","2133":"r","2134":"\\","2135":"n","2136":" ","2137":" ","2138":" ","2139":" ","2140":"/","2141":"/","2142":"?","2143":" ","2144":"t","2145":"h","2146":"e","2147":" ","2148":"d","2149":"a","2150":"t","2151":"a","2152":" ","2153":"n","2154":"a","2155":"m","2156":"e","2157":" ","2158":"i","2159":"s","2160":" ","2161":"n","2162":"o","2163":"t","2164":" ","2165":"o","2166":"p","2167":"t","2168":"i","2169":"o","2170":"n","2171":"a","2172":"l","2173":".","2174":"\\","2175":"r","2176":"\\","2177":"n","2178":" ","2179":" ","2180":" ","2181":" ","2182":"r","2183":"e","2184":"t","2185":"u","2186":"r","2187":"n","2188":" ","2189":"{","2190":"\\","2191":"r","2192":"\\","2193":"n","2194":" ","2195":" ","2196":" ","2197":" ","2198":" ","2199":" ","2200":"u","2201":"r","2202":"l","2203":":","2204":" ","2205":"\\","2206":"\"","2207":"h","2208":"t","2209":"t","2210":"p","2211":"s","2212":":","2213":"/","2214":"/","2215":"c","2216":"a","2217":"r","2218":"e","2219":"e","2220":"r","2221":"s","2222":".","2223":"g","2224":"o","2225":"o","2226":"g","2227":"l","2228":"e","2229":".","2230":"c","2231":"o","2232":"m","2233":"/","2234":"\\","2235":"\"","2236":",","2237":"\\","2238":"r","2239":"\\","2240":"n","2241":" ","2242":" ","2243":" ","2244":" ","2245":" ","2246":" ","2247":"m","2248":"e","2249":"n","2250":"u","2251":"I","2252":"t","2253":"e","2254":"m","2255":"s","2256":":","2257":" ","2258":"[","2259":"\\","2260":"r","2261":"\\","2262":"n","2263":" ","2264":" ","2265":" ","2266":" ","2267":" ","2268":" ","2269":" ","2270":" ","2271":"'","2272":"T","2273":"e","2274":"a","2275":"m","2276":"s","2277":"'","2278":",","2279":"'","2280":"L","2281":"o","2282":"c","2283":"a","2284":"t","2285":"i","2286":"o","2287":"n","2288":"s","2289":"'","2290":",","2291":" ","2292":"'","2293":"L","2294":"i","2295":"f","2296":"e","2297":" ","2298":"a","2299":"t","2300":" ","2301":"V","2302":"u","2303":"e","2304":" ","2305":"P","2306":"r","2307":"a","2308":"c","2309":"t","2310":"i","2311":"c","2312":"e","2313":"'","2314":",","2315":"'","2316":"H","2317":"o","2318":"w","2319":" ","2320":"w","2321":"e","2322":" ","2323":"h","2324":"i","2325":"r","2326":"e","2327":"'","2328":",","2329":"'","2330":"S","2331":"t","2332":"u","2333":"d","2334":"e","2335":"n","2336":"t","2337":"s","2338":"'","2339":",","2340":" ","2341":"'","2342":"J","2343":"o","2344":"b","2345":"s","2346":"'","2347":"\\","2348":"r","2349":"\\","2350":"n","2351":" ","2352":" ","2353":" ","2354":" ","2355":" ","2356":" ","2357":"]","2358":"\\","2359":"r","2360":"\\","2361":"n","2362":" ","2363":" ","2364":" ","2365":" ","2366":"}","2367":";","2368":"\\","2369":"r","2370":"\\","2371":"n","2372":" ","2373":" ","2374":"}","2375":",","2376":"\\","2377":"r","2378":"\\","2379":"n","2380":"}","2381":";","2382":"\\","2383":"r","2384":"\\","2385":"n","2386":"<","2387":"/","2388":"s","2389":"c","2390":"r","2391":"i","2392":"p","2393":"t","2394":">","2395":"\\","2396":"r","2397":"\\","2398":"n","2399":"\\","2400":"r","2401":"\\","2402":"n","2403":"<","2404":"s","2405":"t","2406":"y","2407":"l","2408":"e","2409":">","2410":"<","2411":"/","2412":"s","2413":"t","2414":"y","2415":"l","2416":"e","2417":">","2418":"\\","2419":"r","2420":"\\","2421":"n","2422":"\"","2423":"]","2424":"}"},"_coverageSchema":"1a1c01bbd47fc00a2c39e90264f33305004495a9","hash":"fdc73b73543f833bc18264cba3d609aabeca4996"}
}
