{"C:\\Users\\MarianoR\\source\\repos\\vue-practice\\src\\playground.js": {"path":"C:\\Users\\MarianoR\\source\\repos\\vue-practice\\src\\playground.js","statementMap":{"0":{"start":{"line":1,"column":25},"end":{"line":7,"column":1}},"1":{"start":{"line":2,"column":2},"end":{"line":6,"column":3}},"2":{"start":{"line":3,"column":4},"end":{"line":3,"column":18}},"3":{"start":{"line":5,"column":4},"end":{"line":5,"column":17}},"4":{"start":{"line":9,"column":24},"end":{"line":11,"column":1}},"5":{"start":{"line":10,"column":2},"end":{"line":10,"column":15}}},"fnMap":{"0":{"name":"(anonymous_0)","decl":{"start":{"line":1,"column":25},"end":{"line":1,"column":26}},"loc":{"start":{"line":1,"column":37},"end":{"line":7,"column":1}},"line":1},"1":{"name":"(anonymous_1)","decl":{"start":{"line":9,"column":24},"end":{"line":9,"column":25}},"loc":{"start":{"line":9,"column":34},"end":{"line":11,"column":1}},"line":9}},"branchMap":{"0":{"loc":{"start":{"line":2,"column":2},"end":{"line":6,"column":3}},"type":"if","locations":[{"start":{"line":2,"column":2},"end":{"line":6,"column":3}},{"start":{"line":4,"column":9},"end":{"line":6,"column":3}}],"line":2}},"s":{"0":1,"1":2,"2":1,"3":1,"4":1,"5":1},"f":{"0":2,"1":1},"b":{"0":[1,1]},"_coverageSchema":"1a1c01bbd47fc00a2c39e90264f33305004495a9","hash":"4da6b3ac035f20c1a0eb9f0aa7ffe964242e13d8"}
,"C:\\Users\\MarianoR\\source\\repos\\vue-practice\\src\\components\\MainNav.vue": {"path":"C:\\Users\\MarianoR\\source\\repos\\vue-practice\\src\\components\\MainNav.vue","statementMap":{"0":{"start":{"line":4,"column":29},"end":{"line":4,"column":152}},"1":{"start":{"line":5,"column":0},"end":{"line":7,"column":3}},"2":{"start":{"line":8,"column":0},"end":{"line":8,"column":25}},"3":{"start":{"line":57,"column":0},"end":{"line":57,"column":13}},"4":{"start":{"line":59,"column":0},"end":{"line":61,"column":3}},"5":{"start":{"line":62,"column":0},"end":{"line":62,"column":24}},"6":{"start":{"line":63,"column":11},"end":{"line":63,"column":25}},"7":{"start":{"line":64,"column":19},"end":{"line":66,"column":1}},"8":{"start":{"line":67,"column":19},"end":{"line":69,"column":1}},"9":{"start":{"line":70,"column":19},"end":{"line":72,"column":1}},"10":{"start":{"line":73,"column":19},"end":{"line":73,"column":27}},"11":{"start":{"line":74,"column":19},"end":{"line":76,"column":1}},"12":{"start":{"line":77,"column":19},"end":{"line":79,"column":1}},"13":{"start":{"line":80,"column":19},"end":{"line":80,"column":27}},"14":{"start":{"line":81,"column":19},"end":{"line":83,"column":1}},"15":{"start":{"line":85,"column":34},"end":{"line":85,"column":76}},"16":{"start":{"line":86,"column":34},"end":{"line":86,"column":76}},"17":{"start":{"line":87,"column":2},"end":{"line":106,"column":49}},"18":{"start":{"line":91,"column":4},"end":{"line":98,"column":94}},"19":{"start":{"line":107,"column":2},"end":{"line":107,"column":49}}},"fnMap":{"0":{"name":"render","decl":{"start":{"line":84,"column":9},"end":{"line":84,"column":15}},"loc":{"start":{"line":84,"column":30},"end":{"line":107,"column":1}},"line":84},"1":{"name":"(anonymous_1)","decl":{"start":{"line":90,"column":539},"end":{"line":90,"column":540}},"loc":{"start":{"line":90,"column":560},"end":{"line":99,"column":3}},"line":90}},"branchMap":{"0":{"loc":{"start":{"line":93,"column":41},"end":{"line":93,"column":85}},"type":"cond-expr","locations":[{"start":{"line":93,"column":55},"end":{"line":93,"column":68}},{"start":{"line":93,"column":71},"end":{"line":93,"column":85}}],"line":93},"1":{"loc":{"start":{"line":99,"column":87},"end":{"line":106,"column":40}},"type":"cond-expr","locations":[{"start":{"line":99,"column":106},"end":{"line":101,"column":4}},{"start":{"line":101,"column":9},"end":{"line":106,"column":39}}],"line":99}},"s":{"0":1,"1":1,"2":1,"3":1,"4":1,"5":1,"6":1,"7":1,"8":1,"9":1,"10":1,"11":1,"12":1,"13":1,"14":1,"15":6,"16":6,"17":6,"18":36,"19":1},"f":{"0":6,"1":36},"b":{"0":[6,30],"1":[1,5]},"inputSourceMap":{"0":"{","1":"\"","2":"v","3":"e","4":"r","5":"s","6":"i","7":"o","8":"n","9":"\"","10":":","11":"3","12":",","13":"\"","14":"s","15":"o","16":"u","17":"r","18":"c","19":"e","20":"s","21":"\"","22":":","23":"[","24":"\"","25":"C","26":":","27":"\\","28":"\\","29":"U","30":"s","31":"e","32":"r","33":"s","34":"\\","35":"\\","36":"M","37":"a","38":"r","39":"i","40":"a","41":"n","42":"o","43":"R","44":"\\","45":"\\","46":"s","47":"o","48":"u","49":"r","50":"c","51":"e","52":"\\","53":"\\","54":"r","55":"e","56":"p","57":"o","58":"s","59":"\\","60":"\\","61":"v","62":"u","63":"e","64":"-","65":"p","66":"r","67":"a","68":"c","69":"t","70":"i","71":"c","72":"e","73":"\\","74":"\\","75":"s","76":"r","77":"c","78":"\\","79":"\\","80":"c","81":"o","82":"m","83":"p","84":"o","85":"n","86":"e","87":"n","88":"t","89":"s","90":"\\","91":"\\","92":"M","93":"a","94":"i","95":"n","96":"N","97":"a","98":"v","99":".","100":"v","101":"u","102":"e","103":"\"","104":"]","105":",","106":"\"","107":"n","108":"a","109":"m","110":"e","111":"s","112":"\"","113":":","114":"[","115":"]","116":",","117":"\"","118":"m","119":"a","120":"p","121":"p","122":"i","123":"n","124":"g","125":"s","126":"\"","127":":","128":"\"","129":";","130":";","131":";","132":";","133":";","134":";","135":";","136":";","137":"A","138":"A","139":"w","140":"C","141":"A","142":";","143":"A","144":"A","145":"A","146":"A","147":";","148":"A","149":"A","150":"A","151":"A","152":";","153":"A","154":"A","155":"C","156":"A","157":";","158":"A","159":"A","160":"A","161":"A","162":";","163":"A","164":"A","165":"A","166":"A","167":";","168":"A","169":"A","170":"A","171":"2","172":"D","173":";","174":"A","175":"A","176":"E","177":"3","178":"D","179":";","180":"A","181":"A","182":"A","183":"A","184":",","185":"e","186":"A","187":"C","188":"e","189":";","190":"E","191":"A","192":"C","193":"b","194":",","195":"I","196":"A","197":"A","198":"I","199":",","200":"E","201":"A","202":"A","203":"E","204":",","205":"S","206":"A","207":"A","208":"S","209":";","210":"E","211":"A","212":"A","213":"E","214":";","215":"E","216":"A","217":"C","218":"j","219":"B","220":",","221":"U","222":"A","223":"A","224":"U","225":",","226":"E","227":"A","228":"A","229":"E","230":";","231":"I","232":"A","233":"C","234":"V","235":",","236":"Y","237":"A","238":"A","239":"Y","240":";","241":"I","242":"A","243":"A","244":"Z","245":";","246":"I","247":"A","248":"A","249":"A","250":";","251":"I","252":"A","253":"A","254":"A","255":";","256":"I","257":"A","258":"A","259":"A","260":",","261":"O","262":"A","263":"A","264":"Y","265":";","266":"I","267":"A","268":"A","269":"E","270":",","271":"Y","272":"A","273":"A","274":"Y","275":";","276":"I","277":"A","278":"A","279":"Z","280":";","281":"I","282":"A","283":"A","284":"A","285":";","286":"I","287":"A","288":"A","289":"A","290":";","291":"I","292":"A","293":"A","294":"A","295":";","296":"E","297":"A","298":"C","299":"h","300":"B","301":",","302":"C","303":"A","304":"A","305":"C","306":";","307":"E","308":"A","309":"C","310":"D","311":",","312":"K","313":"A","314":"A","315":"K","316":",","317":"E","318":"A","319":"A","320":"E","321":";","322":"I","323":"A","324":"C","325":"L","326":",","327":"O","328":"A","329":"A","330":"O","331":",","332":"E","333":"A","334":"A","335":"E","336":";","337":"M","338":"A","339":"C","340":"P","341":",","342":"I","343":"A","344":"A","345":"I","346":",","347":"E","348":"A","349":"A","350":"E","351":",","352":"M","353":"A","354":"A","355":"M","356":";","357":"M","358":"A","359":"C","360":"Z","361":",","362":"O","363":"A","364":"A","365":"O","366":",","367":"E","368":"A","369":"A","370":"G","371":",","372":"a","373":"A","374":"A","375":"Y","376":",","377":"C","378":"A","379":"A","380":"E","381":";","382":"I","383":"A","384":"C","385":"1","386":"B","387":";","388":"E","389":"A","390":"C","391":"F","392":",","393":"C","394":"A","395":"A","396":"C","397":";","398":";","399":"E","400":"A","401":"C","402":"D","403":",","404":"I","405":"A","406":"A","407":"I","408":",","409":"G","410":"A","411":"A","412":"G","413":";","414":"I","415":"A","416":"C","417":"L","418":";","419":"I","420":"A","421":"C","422":"A","423":";","424":"I","425":"A","426":"C","427":"A","428":",","429":"O","430":"A","431":"A","432":"O","433":";","434":"M","435":"A","436":"C","437":"L","438":",","439":"G","440":"A","441":"A","442":"G","443":",","444":"E","445":"A","446":"A","447":"E","448":",","449":"6","450":"B","451":"A","452":"A","453":"6","454":"B","455":";","456":"M","457":"A","458":"C","459":"l","460":"C","461":",","462":"S","463":"A","464":"A","465":"S","466":",","467":"E","468":"A","469":"A","470":"E","471":",","472":"C","473":"A","474":"C","475":"T","476":",","477":"O","478":"A","479":"A","480":"O","481":",","482":"E","483":"A","484":"A","485":"C","486":",","487":"W","488":"A","489":"A","490":"W","491":",","492":"E","493":"A","494":"A","495":"E","496":",","497":"s","498":"B","499":"A","500":"A","501":"s","502":"B","503":",","504":"E","505":"A","506":"A","507":"C","508":",","509":"a","510":"A","511":"A","512":"a","513":",","514":"E","515":"A","516":"A","517":"C","518":",","519":"U","520":"A","521":"A","522":"U","523":",","524":"E","525":"A","526":"A","527":"E","528":",","529":"M","530":"A","531":"A","532":"M","533":",","534":"C","535":"A","536":"C","537":"7","538":"E","539":";","540":"M","541":"A","542":"C","543":"D","544":",","545":"U","546":"A","547":"A","548":"U","549":",","550":"E","551":"A","552":"A","553":"E","554":";","555":"I","556":"A","557":"C","558":"d","559":",","560":"C","561":"A","562":"A","563":"C","564":";","565":"E","566":"A","567":"C","568":"H","569":",","570":"C","571":"A","572":"A","573":"C","574":";","575":"E","576":"A","577":"C","578":"D","579":",","580":"O","581":"A","582":"A","583":"O","584":",","585":"E","586":"A","587":"A","588":"E","589":";","590":"I","591":"A","592":"C","593":"L","594":",","595":"S","596":"A","597":"A","598":"S","599":",","600":"G","601":"A","602":"A","603":"G","604":";","605":"M","606":"A","607":"C","608":"V","609":",","610":"I","611":"A","612":"A","613":"I","614":",","615":"C","616":"A","617":"A","618":"C","619":",","620":"U","621":"A","622":"A","623":"U","624":",","625":"G","626":"A","627":"A","628":"G","629":",","630":"I","631":"A","632":"A","633":"I","634":";","635":"I","636":"A","637":"A","638":"A","639":";","640":"I","641":"A","642":"C","643":"r","644":"B","645":";","646":"E","647":"A","648":"C","649":"L","650":";","651":"A","652":"A","653":"C","654":"J","655":",","656":"C","657":"A","658":"A","659":"C","660":";","661":"A","662":"A","663":"A","664":"A","665":";","666":"A","667":"A","668":"A","669":"A","670":"\"","671":",","672":"\"","673":"f","674":"i","675":"l","676":"e","677":"\"","678":":","679":"\"","680":"C","681":":","682":"\\","683":"\\","684":"U","685":"s","686":"e","687":"r","688":"s","689":"\\","690":"\\","691":"M","692":"a","693":"r","694":"i","695":"a","696":"n","697":"o","698":"R","699":"\\","700":"\\","701":"s","702":"o","703":"u","704":"r","705":"c","706":"e","707":"\\","708":"\\","709":"r","710":"e","711":"p","712":"o","713":"s","714":"\\","715":"\\","716":"v","717":"u","718":"e","719":"-","720":"p","721":"r","722":"a","723":"c","724":"t","725":"i","726":"c","727":"e","728":"\\","729":"\\","730":"s","731":"r","732":"c","733":"\\","734":"\\","735":"c","736":"o","737":"m","738":"p","739":"o","740":"n","741":"e","742":"n","743":"t","744":"s","745":"\\","746":"\\","747":"M","748":"a","749":"i","750":"n","751":"N","752":"a","753":"v","754":".","755":"v","756":"u","757":"e","758":"\"","759":",","760":"\"","761":"s","762":"o","763":"u","764":"r","765":"c","766":"e","767":"s","768":"C","769":"o","770":"n","771":"t","772":"e","773":"n","774":"t","775":"\"","776":":","777":"[","778":"\"","779":"<","780":"t","781":"e","782":"m","783":"p","784":"l","785":"a","786":"t","787":"e","788":">","789":"\\","790":"r","791":"\\","792":"n","793":" ","794":" ","795":"<","796":"h","797":"e","798":"a","799":"d","800":"e","801":"r","802":" ","803":"c","804":"l","805":"a","806":"s","807":"s","808":"=","809":"\\","810":"\"","811":"w","812":"-","813":"f","814":"u","815":"l","816":"l","817":" ","818":"t","819":"e","820":"x","821":"t","822":"-","823":"s","824":"m","825":"\\","826":"\"","827":">","828":"\\","829":"r","830":"\\","831":"n","832":" ","833":" ","834":" ","835":" ","836":"<","837":"d","838":"i","839":"v","840":" ","841":"c","842":"l","843":"a","844":"s","845":"s","846":"=","847":"\\","848":"\"","849":"f","850":"i","851":"x","852":"e","853":"d","854":" ","855":"t","856":"o","857":"p","858":"-","859":"0","860":" ","861":"l","862":"e","863":"f","864":"t","865":"-","866":"0","867":" ","868":"w","869":"-","870":"f","871":"u","872":"l","873":"l","874":" ","875":"h","876":"-","877":"1","878":"6","879":" ","880":"b","881":"g","882":"-","883":"w","884":"h","885":"i","886":"t","887":"e","888":"\\","889":"\"","890":">","891":"\\","892":"r","893":"\\","894":"n","895":" ","896":" ","897":" ","898":" ","899":" ","900":" ","901":"<","902":"d","903":"i","904":"v","905":"\\","906":"r","907":"\\","908":"n","909":" ","910":" ","911":" ","912":" ","913":" ","914":" ","915":" ","916":" ","917":"c","918":"l","919":"a","920":"s","921":"s","922":"=","923":"\\","924":"\"","925":"f","926":"l","927":"e","928":"x","929":" ","930":"f","931":"l","932":"e","933":"x","934":"-","935":"n","936":"o","937":"w","938":"r","939":"a","940":"p","941":" ","942":"h","943":"-","944":"f","945":"u","946":"l","947":"l","948":" ","949":"p","950":"x","951":"-","952":"8","953":" ","954":"m","955":"x","956":"-","957":"a","958":"u","959":"t","960":"o","961":" ","962":"b","963":"o","964":"r","965":"d","966":"e","967":"r","968":"-","969":"b","970":" ","971":"b","972":"o","973":"r","974":"d","975":"e","976":"r","977":"-","978":"s","979":"o","980":"l","981":"i","982":"d","983":" ","984":"b","985":"o","986":"r","987":"d","988":"e","989":"r","990":"-","991":"b","992":"r","993":"a","994":"n","995":"d","996":"-","997":"g","998":"r","999":"a","1000":"y","1001":"-","1002":"1","1003":"\\","1004":"\"","1005":"\\","1006":"r","1007":"\\","1008":"n","1009":" ","1010":" ","1011":" ","1012":" ","1013":" ","1014":" ","1015":">","1016":"\\","1017":"r","1018":"\\","1019":"n","1020":" ","1021":" ","1022":" ","1023":" ","1024":" ","1025":" ","1026":" ","1027":" ","1028":"<","1029":"!","1030":"-","1031":"-","1032":" ","1033":"v","1034":"-","1035":"b","1036":"i","1037":"n","1038":"d","1039":" ","1040":"c","1041":"a","1042":"n","1043":" ","1044":"b","1045":"i","1046":"n","1047":"d","1048":" ","1049":"t","1050":"o","1051":" ","1052":"a","1053":"n","1054":"y","1055":" ","1056":"v","1057":"a","1058":"l","1059":"i","1060":"d","1061":" ","1062":"h","1063":"t","1064":"m","1065":"l","1066":" ","1067":"a","1068":"t","1069":"t","1070":"r","1071":"i","1072":"b","1073":"u","1074":"t","1075":"e","1076":" ","1077":" ","1078":" ","1079":":","1080":" ","1081":"i","1082":"s","1083":" ","1084":"t","1085":"h","1086":"e","1087":" ","1088":"s","1089":"h","1090":"o","1091":"r","1092":"t","1093":"e","1094":"n","1095":"e","1096":"d","1097":" ","1098":"f","1099":"o","1100":"r","1101":"m","1102":" ","1103":"o","1104":"f","1105":" ","1106":"v","1107":"-","1108":"b","1109":"i","1110":"n","1111":"d","1112":":","1113":" ","1114":"-","1115":"-","1116":">","1117":"\\","1118":"r","1119":"\\","1120":"n","1121":" ","1122":" ","1123":" ","1124":" ","1125":" ","1126":" ","1127":" ","1128":" ","1129":"<","1130":"a","1131":" ","1132":":","1133":"h","1134":"r","1135":"e","1136":"f","1137":"=","1138":"\\","1139":"\"","1140":"u","1141":"r","1142":"l","1143":"\\","1144":"\"","1145":" ","1146":"c","1147":"l","1148":"a","1149":"s","1150":"s","1151":"=","1152":"\\","1153":"\"","1154":"f","1155":"l","1156":"e","1157":"x","1158":" ","1159":"i","1160":"t","1161":"e","1162":"m","1163":"s","1164":"-","1165":"c","1166":"e","1167":"n","1168":"t","1169":"e","1170":"r","1171":" ","1172":"h","1173":"-","1174":"f","1175":"u","1176":"l","1177":"l","1178":" ","1179":"t","1180":"e","1181":"x","1182":"t","1183":"-","1184":"x","1185":"l","1186":" ","1187":"f","1188":"o","1189":"n","1190":"t","1191":"-","1192":"b","1193":"o","1194":"l","1195":"d","1196":"\\","1197":"\"","1198":">","1199":"\\","1200":"r","1201":"\\","1202":"n","1203":" ","1204":" ","1205":" ","1206":" ","1207":" ","1208":" ","1209":" ","1210":" ","1211":" ","1212":" ","1213":"{","1214":"{","1215":" ","1216":"c","1217":"o","1218":"m","1219":"p","1220":"a","1221":"n","1222":"y","1223":" ","1224":"}","1225":"}","1226":"\\","1227":"r","1228":"\\","1229":"n","1230":" ","1231":" ","1232":" ","1233":" ","1234":" ","1235":" ","1236":" ","1237":" ","1238":"<","1239":"/","1240":"a","1241":">","1242":"\\","1243":"r","1244":"\\","1245":"n","1246":" ","1247":" ","1248":" ","1249":" ","1250":" ","1251":" ","1252":" ","1253":" ","1254":"<","1255":"n","1256":"a","1257":"v","1258":" ","1259":"c","1260":"l","1261":"a","1262":"s","1263":"s","1264":"=","1265":"\\","1266":"\"","1267":"h","1268":"-","1269":"f","1270":"u","1271":"l","1272":"l","1273":" ","1274":"m","1275":"l","1276":"-","1277":"1","1278":"2","1279":"\\","1280":"\"","1281":">","1282":"\\","1283":"r","1284":"\\","1285":"n","1286":" ","1287":" ","1288":" ","1289":" ","1290":" ","1291":" ","1292":" ","1293":" ","1294":" ","1295":" ","1296":"<","1297":"u","1298":"l","1299":" ","1300":"c","1301":"l","1302":"a","1303":"s","1304":"s","1305":"=","1306":"\\","1307":"\"","1308":"f","1309":"l","1310":"e","1311":"x","1312":" ","1313":"h","1314":"-","1315":"f","1316":"u","1317":"l","1318":"l","1319":" ","1320":"p","1321":"-","1322":"0","1323":" ","1324":"m","1325":"-","1326":"0","1327":" ","1328":"l","1329":"i","1330":"s","1331":"t","1332":"-","1333":"n","1334":"o","1335":"n","1336":"e","1337":"\\","1338":"\"","1339":">","1340":"\\","1341":"r","1342":"\\","1343":"n","1344":" ","1345":" ","1346":" ","1347":" ","1348":" ","1349":" ","1350":" ","1351":" ","1352":" ","1353":" ","1354":" ","1355":" ","1356":"<","1357":"!","1358":"-","1359":"-","1360":" ","1361":"p","1362":"r","1363":"e","1364":"t","1365":"t","1366":"i","1367":"e","1368":"r","1369":"-","1370":"i","1371":"g","1372":"n","1373":"o","1374":"r","1375":"e","1376":" ","1377":" ","1378":"a","1379":" ","1380":"f","1381":"i","1382":"r","1383":"s","1384":"t","1385":":","1386":"m","1387":"l","1388":"-","1389":"0","1390":" ","1391":"w","1392":"o","1393":"u","1394":"l","1395":"d","1396":" ","1397":"h","1398":"a","1399":"v","1400":"e","1401":" ","1402":"s","1403":"u","1404":"f","1405":"f","1406":"i","1407":"c","1408":"e","1409":"d","1410":" ","1411":"s","1412":"i","1413":"n","1414":"c","1415":"e","1416":" ","1417":"w","1418":"e","1419":" ","1420":"a","1421":"d","1422":"d","1423":"e","1424":"d","1425":" ","1426":"a","1427":" ","1428":"v","1429":"a","1430":"r","1431":"i","1432":"a","1433":"n","1434":"t","1435":" ","1436":"t","1437":"o","1438":" ","1439":"t","1440":"h","1441":"e","1442":" ","1443":"t","1444":"a","1445":"i","1446":"l","1447":"w","1448":"i","1449":"n","1450":"d","1451":".","1452":"c","1453":"o","1454":"n","1455":"f","1456":"i","1457":"g","1458":" ","1459":"t","1460":"h","1461":"a","1462":"t","1463":" ","1464":"e","1465":"n","1466":"a","1467":"b","1468":"l","1469":"e","1470":"s","1471":" ","1472":"y","1473":"o","1474":"u","1475":" ","1476":"t","1477":"o","1478":" ","1479":"a","1480":"p","1481":"p","1482":"l","1483":"y","1484":" ","1485":"a","1486":" ","1487":"d","1488":"i","1489":"f","1490":"f","1491":"e","1492":"r","1493":"e","1494":"n","1495":"t","1496":" ","1497":"s","1498":"t","1499":"y","1500":"l","1501":"e","1502":" ","1503":"t","1504":"o","1505":" ","1506":"t","1507":"h","1508":"e","1509":" ","1510":"f","1511":"i","1512":"r","1513":"s","1514":"t","1515":" ","1516":"e","1517":"l","1518":"e","1519":"m","1520":"e","1521":"n","1522":"t","1523":".","1524":" ","1525":"I","1526":" ","1527":"w","1528":"a","1529":"n","1530":"t","1531":"e","1532":"d","1533":" ","1534":"t","1535":"o","1536":" ","1537":"p","1538":"l","1539":"a","1540":"y","1541":" ","1542":"w","1543":"i","1544":"t","1545":"h","1546":" ","1547":"c","1548":"o","1549":"n","1550":"d","1551":"i","1552":"t","1553":"i","1554":"o","1555":"n","1556":"a","1557":"l","1558":" ","1559":"t","1560":"e","1561":"r","1562":"n","1563":"a","1564":"r","1565":"i","1566":"e","1567":"s","1568":" ","1569":"t","1570":"h","1571":"o","1572":" ","1573":"-","1574":"-","1575":">","1576":"\\","1577":"r","1578":"\\","1579":"n","1580":" ","1581":" ","1582":" ","1583":" ","1584":" ","1585":" ","1586":" ","1587":" ","1588":" ","1589":" ","1590":" ","1591":" ","1592":"<","1593":"l","1594":"i","1595":"\\","1596":"r","1597":"\\","1598":"n","1599":" ","1600":" ","1601":" ","1602":" ","1603":" ","1604":" ","1605":" ","1606":" ","1607":" ","1608":" ","1609":" ","1610":" ","1611":" ","1612":" ","1613":"v","1614":"-","1615":"f","1616":"o","1617":"r","1618":"=","1619":"\\","1620":"\"","1621":"(","1622":"m","1623":"e","1624":"n","1625":"u","1626":"I","1627":"t","1628":"e","1629":"m","1630":",","1631":" ","1632":"i","1633":"n","1634":"d","1635":"e","1636":"x","1637":")","1638":" ","1639":"i","1640":"n","1641":" ","1642":"m","1643":"e","1644":"n","1645":"u","1646":"I","1647":"t","1648":"e","1649":"m","1650":"s","1651":"\\","1652":"\"","1653":"\\","1654":"r","1655":"\\","1656":"n","1657":" ","1658":" ","1659":" ","1660":" ","1661":" ","1662":" ","1663":" ","1664":" ","1665":" ","1666":" ","1667":" ","1668":" ","1669":" ","1670":" ","1671":":","1672":"k","1673":"e","1674":"y","1675":"=","1676":"\\","1677":"\"","1678":"i","1679":"n","1680":"d","1681":"e","1682":"x","1683":"\\","1684":"\"","1685":"\\","1686":"r","1687":"\\","1688":"n","1689":" ","1690":" ","1691":" ","1692":" ","1693":" ","1694":" ","1695":" ","1696":" ","1697":" ","1698":" ","1699":" ","1700":" ","1701":" ","1702":" ","1703":":","1704":"c","1705":"l","1706":"a","1707":"s","1708":"s","1709":"=","1710":"\\","1711":"\"","1712":"`","1713":"$","1714":"{","1715":"i","1716":"n","1717":"d","1718":"e","1719":"x","1720":" ","1721":"=","1722":"=","1723":"=","1724":" ","1725":"0","1726":" ","1727":"?","1728":" ","1729":"'","1730":"h","1731":"-","1732":"f","1733":"u","1734":"l","1735":"l","1736":" ","1737":"m","1738":"l","1739":"-","1740":"0","1741":"'","1742":" ","1743":":","1744":" ","1745":"'","1746":"h","1747":"-","1748":"f","1749":"u","1750":"l","1751":"l","1752":" ","1753":"m","1754":"l","1755":"-","1756":"9","1757":" ","1758":"'","1759":"}","1760":" ","1761":"`","1762":"\\","1763":"\"","1764":"\\","1765":"r","1766":"\\","1767":"n","1768":" ","1769":" ","1770":" ","1771":" ","1772":" ","1773":" ","1774":" ","1775":" ","1776":" ","1777":" ","1778":" ","1779":" ","1780":" ","1781":" ","1782":"d","1783":"a","1784":"t","1785":"a","1786":"-","1787":"t","1788":"e","1789":"s","1790":"t","1791":"=","1792":"\\","1793":"\"","1794":"m","1795":"a","1796":"i","1797":"n","1798":"-","1799":"n","1800":"a","1801":"v","1802":"-","1803":"i","1804":"t","1805":"e","1806":"m","1807":"\\","1808":"\"","1809":"\\","1810":"r","1811":"\\","1812":"n","1813":" ","1814":" ","1815":" ","1816":" ","1817":" ","1818":" ","1819":" ","1820":" ","1821":" ","1822":" ","1823":" ","1824":" ","1825":">","1826":"\\","1827":"r","1828":"\\","1829":"n","1830":" ","1831":" ","1832":" ","1833":" ","1834":" ","1835":" ","1836":" ","1837":" ","1838":" ","1839":" ","1840":" ","1841":" ","1842":" ","1843":" ","1844":"<","1845":"a","1846":" ","1847":":","1848":"h","1849":"r","1850":"e","1851":"f","1852":"=","1853":"\\","1854":"\"","1855":"i","1856":"n","1857":"d","1858":"e","1859":"x","1860":"\\","1861":"\"","1862":" ","1863":"c","1864":"l","1865":"a","1866":"s","1867":"s","1868":"=","1869":"\\","1870":"\"","1871":"f","1872":"l","1873":"e","1874":"x","1875":" ","1876":"i","1877":"t","1878":"e","1879":"m","1880":"s","1881":"-","1882":"c","1883":"e","1884":"n","1885":"t","1886":"e","1887":"r","1888":" ","1889":"h","1890":"-","1891":"f","1892":"u","1893":"l","1894":"l","1895":" ","1896":"p","1897":"y","1898":"-","1899":"2","1900":".","1901":"5","1902":"\\","1903":"\"","1904":">","1905":"\\","1906":"r","1907":"\\","1908":"n","1909":" ","1910":" ","1911":" ","1912":" ","1913":" ","1914":" ","1915":" ","1916":" ","1917":" ","1918":" ","1919":" ","1920":" ","1921":" ","1922":" ","1923":" ","1924":" ","1925":"{","1926":"{","1927":" ","1928":"m","1929":"e","1930":"n","1931":"u","1932":"I","1933":"t","1934":"e","1935":"m","1936":" ","1937":"}","1938":"}","1939":"\\","1940":"r","1941":"\\","1942":"n","1943":" ","1944":" ","1945":" ","1946":" ","1947":" ","1948":" ","1949":" ","1950":" ","1951":" ","1952":" ","1953":" ","1954":" ","1955":" ","1956":" ","1957":"<","1958":"/","1959":"a","1960":">","1961":"\\","1962":"r","1963":"\\","1964":"n","1965":" ","1966":" ","1967":" ","1968":" ","1969":" ","1970":" ","1971":" ","1972":" ","1973":" ","1974":" ","1975":" ","1976":" ","1977":"<","1978":"/","1979":"l","1980":"i","1981":">","1982":"\\","1983":"r","1984":"\\","1985":"n","1986":" ","1987":" ","1988":" ","1989":" ","1990":" ","1991":" ","1992":" ","1993":" ","1994":" ","1995":" ","1996":"<","1997":"/","1998":"u","1999":"l","2000":">","2001":"\\","2002":"r","2003":"\\","2004":"n","2005":" ","2006":" ","2007":" ","2008":" ","2009":" ","2010":" ","2011":" ","2012":" ","2013":"<","2014":"/","2015":"n","2016":"a","2017":"v","2018":">","2019":"\\","2020":"r","2021":"\\","2022":"n","2023":" ","2024":" ","2025":" ","2026":" ","2027":" ","2028":" ","2029":" ","2030":" ","2031":"<","2032":"d","2033":"i","2034":"v","2035":" ","2036":"c","2037":"l","2038":"a","2039":"s","2040":"s","2041":"=","2042":"\\","2043":"\"","2044":"f","2045":"l","2046":"e","2047":"x","2048":" ","2049":"i","2050":"t","2051":"e","2052":"m","2053":"s","2054":"-","2055":"c","2056":"e","2057":"n","2058":"t","2059":"e","2060":"r","2061":" ","2062":"h","2063":"-","2064":"f","2065":"u","2066":"l","2067":"l","2068":" ","2069":"m","2070":"l","2071":"-","2072":"a","2073":"u","2074":"t","2075":"o","2076":"\\","2077":"\"","2078":">","2079":"\\","2080":"r","2081":"\\","2082":"n","2083":" ","2084":" ","2085":" ","2086":" ","2087":" ","2088":" ","2089":" ","2090":" ","2091":" ","2092":" ","2093":"<","2094":"P","2095":"r","2096":"o","2097":"f","2098":"i","2099":"l","2100":"e","2101":"I","2102":"m","2103":"a","2104":"g","2105":"e","2106":" ","2107":"v","2108":"-","2109":"i","2110":"f","2111":"=","2112":"\\","2113":"\"","2114":"i","2115":"s","2116":"L","2117":"o","2118":"g","2119":"g","2120":"e","2121":"d","2122":"I","2123":"n","2124":"\\","2125":"\"","2126":" ","2127":"/","2128":">","2129":"\\","2130":"r","2131":"\\","2132":"n","2133":" ","2134":" ","2135":" ","2136":" ","2137":" ","2138":" ","2139":" ","2140":" ","2141":" ","2142":" ","2143":"<","2144":"A","2145":"c","2146":"t","2147":"i","2148":"o","2149":"n","2150":"B","2151":"u","2152":"t","2153":"t","2154":"o","2155":"n","2156":"\\","2157":"r","2158":"\\","2159":"n","2160":" ","2161":" ","2162":" ","2163":" ","2164":" ","2165":" ","2166":" ","2167":" ","2168":" ","2169":" ","2170":" ","2171":" ","2172":"v","2173":"-","2174":"e","2175":"l","2176":"s","2177":"e","2178":"\\","2179":"r","2180":"\\","2181":"n","2182":" ","2183":" ","2184":" ","2185":" ","2186":" ","2187":" ","2188":" ","2189":" ","2190":" ","2191":" ","2192":" ","2193":" ","2194":"t","2195":"e","2196":"x","2197":"t","2198":"=","2199":"\\","2200":"\"","2201":"S","2202":"i","2203":"g","2204":"n","2205":" ","2206":"i","2207":"n","2208":"\\","2209":"\"","2210":"\\","2211":"r","2212":"\\","2213":"n","2214":" ","2215":" ","2216":" ","2217":" ","2218":" ","2219":" ","2220":" ","2221":" ","2222":" ","2223":" ","2224":" ","2225":" ","2226":"v","2227":"a","2228":"r","2229":"i","2230":"a","2231":"n","2232":"t","2233":"=","2234":"\\","2235":"\"","2236":"p","2237":"r","2238":"i","2239":"m","2240":"a","2241":"r","2242":"y","2243":"\\","2244":"\"","2245":"\\","2246":"r","2247":"\\","2248":"n","2249":" ","2250":" ","2251":" ","2252":" ","2253":" ","2254":" ","2255":" ","2256":" ","2257":" ","2258":" ","2259":" ","2260":" ","2261":"@","2262":":","2263":"c","2264":"l","2265":"i","2266":"c","2267":"k","2268":"=","2269":"\\","2270":"\"","2271":"l","2272":"o","2273":"g","2274":"i","2275":"n","2276":"U","2277":"s","2278":"e","2279":"r","2280":"\\","2281":"\"","2282":"\\","2283":"r","2284":"\\","2285":"n","2286":" ","2287":" ","2288":" ","2289":" ","2290":" ","2291":" ","2292":" ","2293":" ","2294":" ","2295":" ","2296":"/","2297":">","2298":"\\","2299":"r","2300":"\\","2301":"n","2302":" ","2303":" ","2304":" ","2305":" ","2306":" ","2307":" ","2308":" ","2309":" ","2310":"<","2311":"/","2312":"d","2313":"i","2314":"v","2315":">","2316":"\\","2317":"r","2318":"\\","2319":"n","2320":" ","2321":" ","2322":" ","2323":" ","2324":" ","2325":" ","2326":"<","2327":"/","2328":"d","2329":"i","2330":"v","2331":">","2332":"\\","2333":"r","2334":"\\","2335":"n","2336":" ","2337":" ","2338":" ","2339":" ","2340":"<","2341":"/","2342":"d","2343":"i","2344":"v","2345":">","2346":"\\","2347":"r","2348":"\\","2349":"n","2350":" ","2351":" ","2352":"<","2353":"/","2354":"h","2355":"e","2356":"a","2357":"d","2358":"e","2359":"r","2360":">","2361":"\\","2362":"r","2363":"\\","2364":"n","2365":"<","2366":"/","2367":"t","2368":"e","2369":"m","2370":"p","2371":"l","2372":"a","2373":"t","2374":"e","2375":">","2376":"\\","2377":"r","2378":"\\","2379":"n","2380":"\\","2381":"r","2382":"\\","2383":"n","2384":"<","2385":"s","2386":"c","2387":"r","2388":"i","2389":"p","2390":"t","2391":">","2392":"\\","2393":"r","2394":"\\","2395":"n","2396":"i","2397":"m","2398":"p","2399":"o","2400":"r","2401":"t","2402":" ","2403":"A","2404":"c","2405":"t","2406":"i","2407":"o","2408":"n","2409":"B","2410":"u","2411":"t","2412":"t","2413":"o","2414":"n","2415":" ","2416":"f","2417":"r","2418":"o","2419":"m","2420":" ","2421":"\\","2422":"\"","2423":"@","2424":"/","2425":"c","2426":"o","2427":"m","2428":"p","2429":"o","2430":"n","2431":"e","2432":"n","2433":"t","2434":"s","2435":"/","2436":"B","2437":"u","2438":"t","2439":"t","2440":"o","2441":"n","2442":"s","2443":"/","2444":"A","2445":"c","2446":"t","2447":"i","2448":"o","2449":"n","2450":"B","2451":"u","2452":"t","2453":"t","2454":"o","2455":"n","2456":".","2457":"v","2458":"u","2459":"e","2460":"\\","2461":"\"","2462":";","2463":"\\","2464":"r","2465":"\\","2466":"n","2467":"i","2468":"m","2469":"p","2470":"o","2471":"r","2472":"t","2473":" ","2474":"P","2475":"r","2476":"o","2477":"f","2478":"i","2479":"l","2480":"e","2481":"I","2482":"m","2483":"a","2484":"g","2485":"e","2486":" ","2487":"f","2488":"r","2489":"o","2490":"m","2491":" ","2492":"\\","2493":"\"","2494":".","2495":"/","2496":"P","2497":"r","2498":"o","2499":"f","2500":"i","2501":"l","2502":"e","2503":"I","2504":"m","2505":"a","2506":"g","2507":"e","2508":"/","2509":"P","2510":"r","2511":"o","2512":"f","2513":"i","2514":"l","2515":"e","2516":"I","2517":"m","2518":"a","2519":"g","2520":"e","2521":".","2522":"v","2523":"u","2524":"e","2525":"\\","2526":"\"","2527":";","2528":"\\","2529":"r","2530":"\\","2531":"n","2532":"\\","2533":"r","2534":"\\","2535":"n","2536":"/","2537":"/","2538":"p","2539":"r","2540":"e","2541":"t","2542":"t","2543":"i","2544":"e","2545":"r","2546":"-","2547":"i","2548":"g","2549":"n","2550":"o","2551":"r","2552":"e","2553":"\\","2554":"r","2555":"\\","2556":"n","2557":"e","2558":"x","2559":"p","2560":"o","2561":"r","2562":"t","2563":" ","2564":"d","2565":"e","2566":"f","2567":"a","2568":"u","2569":"l","2570":"t","2571":" ","2572":"{","2573":"\\","2574":"r","2575":"\\","2576":"n","2577":" ","2578":" ","2579":"n","2580":"a","2581":"m","2582":"e","2583":":","2584":" ","2585":"\\","2586":"\"","2587":"M","2588":"a","2589":"i","2590":"n","2591":"N","2592":"a","2593":"v","2594":"\\","2595":"\"","2596":",","2597":" ","2598":"/","2599":"/","2600":"n","2601":"a","2602":"m","2603":"e","2604":" ","2605":"o","2606":"f","2607":" ","2608":"c","2609":"o","2610":"m","2611":"p","2612":"o","2613":"n","2614":"e","2615":"n","2616":"t","2617":"\\","2618":"r","2619":"\\","2620":"n","2621":" ","2622":" ","2623":"c","2624":"o","2625":"m","2626":"p","2627":"o","2628":"n","2629":"e","2630":"n","2631":"t","2632":"s","2633":":","2634":" ","2635":"{","2636":"\\","2637":"r","2638":"\\","2639":"n","2640":" ","2641":" ","2642":" ","2643":" ","2644":"A","2645":"c","2646":"t","2647":"i","2648":"o","2649":"n","2650":"B","2651":"u","2652":"t","2653":"t","2654":"o","2655":"n","2656":",","2657":" ","2658":"P","2659":"r","2660":"o","2661":"f","2662":"i","2663":"l","2664":"e","2665":"I","2666":"m","2667":"a","2668":"g","2669":"e","2670":"\\","2671":"r","2672":"\\","2673":"n","2674":" ","2675":" ","2676":"}","2677":",","2678":"\\","2679":"r","2680":"\\","2681":"n","2682":" ","2683":" ","2684":"p","2685":"r","2686":"o","2687":"p","2688":"s","2689":":","2690":" ","2691":"{","2692":"\\","2693":"r","2694":"\\","2695":"n","2696":" ","2697":" ","2698":" ","2699":" ","2700":"c","2701":"o","2702":"m","2703":"p","2704":"a","2705":"n","2706":"y","2707":":","2708":" ","2709":"{","2710":"\\","2711":"r","2712":"\\","2713":"n","2714":" ","2715":" ","2716":" ","2717":" ","2718":" ","2719":" ","2720":"t","2721":"y","2722":"p","2723":"e","2724":":","2725":" ","2726":"S","2727":"t","2728":"r","2729":"i","2730":"n","2731":"g","2732":",","2733":"\\","2734":"r","2735":"\\","2736":"n","2737":" ","2738":" ","2739":" ","2740":" ","2741":" ","2742":" ","2743":"d","2744":"e","2745":"f","2746":"a","2747":"u","2748":"l","2749":"t","2750":":","2751":" ","2752":"`","2753":"V","2754":"u","2755":"e","2756":" ","2757":"C","2758":"a","2759":"r","2760":"e","2761":"e","2762":"r","2763":"s","2764":"`","2765":",","2766":" ","2767":"/","2768":"/","2769":"D","2770":"e","2771":"f","2772":"a","2773":"u","2774":"l","2775":"t","2776":" ","2777":"p","2778":"r","2779":"o","2780":"p","2781":" ","2782":"e","2783":"x","2784":"a","2785":"m","2786":"p","2787":"l","2788":"e","2789":"\\","2790":"r","2791":"\\","2792":"n","2793":" ","2794":" ","2795":" ","2796":" ","2797":"}","2798":",","2799":"\\","2800":"r","2801":"\\","2802":"n","2803":" ","2804":" ","2805":"}","2806":",","2807":"\\","2808":"r","2809":"\\","2810":"n","2811":" ","2812":" ","2813":"d","2814":"a","2815":"t","2816":"a","2817":"(","2818":")","2819":" ","2820":"{","2821":"\\","2822":"r","2823":"\\","2824":"n","2825":" ","2826":" ","2827":" ","2828":" ","2829":"/","2830":"/","2831":"?","2832":" ","2833":"I","2834":"n","2835":"-","2836":"c","2837":"o","2838":"m","2839":"p","2840":"o","2841":"n","2842":"e","2843":"n","2844":"t","2845":" ","2846":"l","2847":"o","2848":"g","2849":"i","2850":"c","2851":" ","2852":"a","2853":"n","2854":"d","2855":" ","2856":"v","2857":"a","2858":"r","2859":"s","2860":"\\","2861":"r","2862":"\\","2863":"n","2864":" ","2865":" ","2866":" ","2867":" ","2868":"/","2869":"/","2870":"?","2871":" ","2872":"t","2873":"h","2874":"e","2875":" ","2876":"d","2877":"a","2878":"t","2879":"a","2880":" ","2881":"n","2882":"a","2883":"m","2884":"e","2885":" ","2886":"i","2887":"s","2888":" ","2889":"n","2890":"o","2891":"t","2892":" ","2893":"o","2894":"p","2895":"t","2896":"i","2897":"o","2898":"n","2899":"a","2900":"l","2901":".","2902":"\\","2903":"r","2904":"\\","2905":"n","2906":" ","2907":" ","2908":" ","2909":" ","2910":"r","2911":"e","2912":"t","2913":"u","2914":"r","2915":"n","2916":" ","2917":"{","2918":"\\","2919":"r","2920":"\\","2921":"n","2922":" ","2923":" ","2924":" ","2925":" ","2926":" ","2927":" ","2928":"u","2929":"r","2930":"l","2931":":","2932":" ","2933":"\\","2934":"\"","2935":"h","2936":"t","2937":"t","2938":"p","2939":"s","2940":":","2941":"/","2942":"/","2943":"c","2944":"a","2945":"r","2946":"e","2947":"e","2948":"r","2949":"s","2950":".","2951":"g","2952":"o","2953":"o","2954":"g","2955":"l","2956":"e","2957":".","2958":"c","2959":"o","2960":"m","2961":"/","2962":"\\","2963":"\"","2964":",","2965":"\\","2966":"r","2967":"\\","2968":"n","2969":" ","2970":" ","2971":" ","2972":" ","2973":" ","2974":" ","2975":"m","2976":"e","2977":"n","2978":"u","2979":"I","2980":"t","2981":"e","2982":"m","2983":"s","2984":":","2985":" ","2986":"[","2987":"\\","2988":"r","2989":"\\","2990":"n","2991":" ","2992":" ","2993":" ","2994":" ","2995":" ","2996":" ","2997":" ","2998":" ","2999":"'","3000":"T","3001":"e","3002":"a","3003":"m","3004":"s","3005":"'","3006":",","3007":"'","3008":"L","3009":"o","3010":"c","3011":"a","3012":"t","3013":"i","3014":"o","3015":"n","3016":"s","3017":"'","3018":",","3019":" ","3020":"'","3021":"L","3022":"i","3023":"f","3024":"e","3025":" ","3026":"a","3027":"t","3028":" ","3029":"V","3030":"u","3031":"e","3032":" ","3033":"P","3034":"r","3035":"a","3036":"c","3037":"t","3038":"i","3039":"c","3040":"e","3041":"'","3042":",","3043":"'","3044":"H","3045":"o","3046":"w","3047":" ","3048":"w","3049":"e","3050":" ","3051":"h","3052":"i","3053":"r","3054":"e","3055":"'","3056":",","3057":"'","3058":"S","3059":"t","3060":"u","3061":"d","3062":"e","3063":"n","3064":"t","3065":"s","3066":"'","3067":",","3068":" ","3069":"'","3070":"J","3071":"o","3072":"b","3073":"s","3074":"'","3075":"\\","3076":"r","3077":"\\","3078":"n","3079":" ","3080":" ","3081":" ","3082":" ","3083":" ","3084":" ","3085":"]","3086":",","3087":"\\","3088":"r","3089":"\\","3090":"n","3091":" ","3092":" ","3093":" ","3094":" ","3095":" ","3096":" ","3097":"i","3098":"s","3099":"L","3100":"o","3101":"g","3102":"g","3103":"e","3104":"d","3105":"I","3106":"n","3107":":","3108":" ","3109":"f","3110":"a","3111":"l","3112":"s","3113":"e","3114":",","3115":" ","3116":" ","3117":" ","3118":" ","3119":" ","3120":" ","3121":"\\","3122":"r","3123":"\\","3124":"n","3125":" ","3126":" ","3127":" ","3128":" ","3129":"}","3130":"\\","3131":"r","3132":"\\","3133":"n","3134":" ","3135":" ","3136":"}","3137":",","3138":"\\","3139":"r","3140":"\\","3141":"n","3142":" ","3143":" ","3144":"m","3145":"e","3146":"t","3147":"h","3148":"o","3149":"d","3150":"s","3151":":","3152":" ","3153":"{","3154":"\\","3155":"r","3156":"\\","3157":"n","3158":" ","3159":" ","3160":" ","3161":" ","3162":" ","3163":" ","3164":"l","3165":"o","3166":"g","3167":"i","3168":"n","3169":"U","3170":"s","3171":"e","3172":"r","3173":"(","3174":")","3175":" ","3176":"{","3177":" ","3178":"\\","3179":"r","3180":"\\","3181":"n","3182":" ","3183":" ","3184":" ","3185":" ","3186":" ","3187":" ","3188":" ","3189":" ","3190":"t","3191":"h","3192":"i","3193":"s","3194":".","3195":"i","3196":"s","3197":"L","3198":"o","3199":"g","3200":"g","3201":"e","3202":"d","3203":"I","3204":"n","3205":" ","3206":"=","3207":" ","3208":"t","3209":"r","3210":"u","3211":"e","3212":"}","3213":"\\","3214":"r","3215":"\\","3216":"n","3217":" ","3218":" ","3219":" ","3220":" ","3221":" ","3222":" ","3223":" ","3224":" ","3225":" ","3226":"/","3227":"/","3228":"?","3229":" ","3230":"u","3231":"s","3232":"e","3233":" ","3234":"\\","3235":"\"","3236":"t","3237":"h","3238":"i","3239":"s","3240":"\\","3241":"\"","3242":",","3243":" ","3244":"t","3245":"o","3246":" ","3247":"a","3248":"c","3249":"c","3250":"e","3251":"s","3252":"s","3253":" ","3254":"p","3255":"r","3256":"o","3257":"p","3258":"e","3259":"r","3260":"t","3261":"i","3262":"e","3263":"s","3264":" ","3265":"w","3266":"i","3267":"t","3268":"h","3269":"i","3270":"n","3271":" ","3272":"t","3273":"h","3274":"e","3275":" ","3276":"c","3277":"o","3278":"m","3279":"p","3280":"o","3281":"n","3282":"e","3283":"n","3284":"t","3285":"\\","3286":"r","3287":"\\","3288":"n","3289":" ","3290":" ","3291":" ","3292":" ","3293":"}","3294":",","3295":"\\","3296":"r","3297":"\\","3298":"n","3299":"}","3300":";","3301":"\\","3302":"r","3303":"\\","3304":"n","3305":"<","3306":"/","3307":"s","3308":"c","3309":"r","3310":"i","3311":"p","3312":"t","3313":">","3314":"\\","3315":"r","3316":"\\","3317":"n","3318":"\\","3319":"r","3320":"\\","3321":"n","3322":"<","3323":"s","3324":"t","3325":"y","3326":"l","3327":"e","3328":">","3329":"<","3330":"/","3331":"s","3332":"t","3333":"y","3334":"l","3335":"e","3336":">","3337":"\\","3338":"r","3339":"\\","3340":"n","3341":"\"","3342":"]","3343":"}"},"_coverageSchema":"1a1c01bbd47fc00a2c39e90264f33305004495a9","hash":"d688bfa92a9099009cb9178bc842be2e9df7f985"}
,"C:\\Users\\MarianoR\\source\\repos\\vue-practice\\src\\components\\Buttons\\ActionButton.vue": {"path":"C:\\Users\\MarianoR\\source\\repos\\vue-practice\\src\\components\\Buttons\\ActionButton.vue","statementMap":{"0":{"start":{"line":4,"column":0},"end":{"line":6,"column":3}},"1":{"start":{"line":7,"column":0},"end":{"line":7,"column":25}},"2":{"start":{"line":8,"column":15},"end":{"line":24,"column":1}},"3":{"start":{"line":27,"column":0},"end":{"line":27,"column":13}},"4":{"start":{"line":29,"column":0},"end":{"line":31,"column":3}},"5":{"start":{"line":32,"column":0},"end":{"line":32,"column":24}},"6":{"start":{"line":33,"column":11},"end":{"line":33,"column":25}},"7":{"start":{"line":35,"column":2},"end":{"line":37,"column":179}},"8":{"start":{"line":38,"column":2},"end":{"line":38,"column":49}}},"fnMap":{"0":{"name":"render","decl":{"start":{"line":34,"column":9},"end":{"line":34,"column":15}},"loc":{"start":{"line":34,"column":30},"end":{"line":38,"column":1}},"line":34}},"branchMap":{},"s":{"0":2,"1":2,"2":2,"3":2,"4":2,"5":2,"6":2,"7":5,"8":2},"f":{"0":5},"b":{},"inputSourceMap":{"0":"{","1":"\"","2":"v","3":"e","4":"r","5":"s","6":"i","7":"o","8":"n","9":"\"","10":":","11":"3","12":",","13":"\"","14":"s","15":"o","16":"u","17":"r","18":"c","19":"e","20":"s","21":"\"","22":":","23":"[","24":"\"","25":"C","26":":","27":"\\","28":"\\","29":"U","30":"s","31":"e","32":"r","33":"s","34":"\\","35":"\\","36":"M","37":"a","38":"r","39":"i","40":"a","41":"n","42":"o","43":"R","44":"\\","45":"\\","46":"s","47":"o","48":"u","49":"r","50":"c","51":"e","52":"\\","53":"\\","54":"r","55":"e","56":"p","57":"o","58":"s","59":"\\","60":"\\","61":"v","62":"u","63":"e","64":"-","65":"p","66":"r","67":"a","68":"c","69":"t","70":"i","71":"c","72":"e","73":"\\","74":"\\","75":"s","76":"r","77":"c","78":"\\","79":"\\","80":"c","81":"o","82":"m","83":"p","84":"o","85":"n","86":"e","87":"n","88":"t","89":"s","90":"\\","91":"\\","92":"B","93":"u","94":"t","95":"t","96":"o","97":"n","98":"s","99":"\\","100":"\\","101":"A","102":"c","103":"t","104":"i","105":"o","106":"n","107":"B","108":"u","109":"t","110":"t","111":"o","112":"n","113":".","114":"v","115":"u","116":"e","117":"\"","118":"]","119":",","120":"\"","121":"n","122":"a","123":"m","124":"e","125":"s","126":"\"","127":":","128":"[","129":"]","130":",","131":"\"","132":"m","133":"a","134":"p","135":"p","136":"i","137":"n","138":"g","139":"s","140":"\"","141":":","142":"\"","143":";","144":";","145":";","146":";","147":";","148":";","149":";","150":"e","151":"A","152":"Q","153":"e","154":";","155":"E","156":"A","157":"C","158":"b","159":",","160":"I","161":"A","162":"A","163":"I","164":",","165":"E","166":"A","167":"A","168":"E","169":",","170":"c","171":"A","172":"A","173":"c","174":";","175":"E","176":"A","177":"A","178":"E","179":";","180":"E","181":"A","182":"C","183":"t","184":"B","185":",","186":"K","187":"A","188":"A","189":"K","190":",","191":"E","192":"A","193":"A","194":"E","195":";","196":"I","197":"A","198":"C","199":"L","200":",","201":"I","202":"A","203":"A","204":"I","205":",","206":"E","207":"A","208":"A","209":"E","210":";","211":"M","212":"A","213":"C","214":"J","215":",","216":"I","217":"A","218":"A","219":"I","220":",","221":"E","222":"A","223":"A","224":"E","225":",","226":"M","227":"A","228":"A","229":"M","230":";","231":"M","232":"A","233":"C","234":"Z","235":",","236":"Q","237":"A","238":"A","239":"Q","240":",","241":"E","242":"A","243":"A","244":"E","245":";","246":"I","247":"A","248":"C","249":"Z","250":",","251":"C","252":"A","253":"A","254":"C","255":";","256":"I","257":"A","258":"C","259":"D","260":",","261":"O","262":"A","263":"A","264":"O","265":",","266":"E","267":"A","268":"A","269":"E","270":";","271":"M","272":"A","273":"C","274":"P","275":",","276":"I","277":"A","278":"A","279":"I","280":",","281":"E","282":"A","283":"A","284":"E","285":",","286":"M","287":"A","288":"A","289":"M","290":";","291":"M","292":"A","293":"C","294":"Z","295":",","296":"O","297":"A","298":"A","299":"O","300":",","301":"E","302":"A","303":"A","304":"E","305":";","306":"I","307":"A","308":"C","309":"X","310":";","311":"I","312":"A","313":"C","314":"A","315":";","316":"I","317":"A","318":"C","319":"A","320":";","321":"I","322":"A","323":"C","324":"A","325":";","326":"E","327":"A","328":"C","329":"F","330":";","331":"A","332":"A","333":"C","334":"F","335":",","336":"C","337":"A","338":"A","339":"C","340":";","341":"A","342":"A","343":"A","344":"A","345":";","346":"A","347":"A","348":"A","349":"A","350":"\"","351":",","352":"\"","353":"f","354":"i","355":"l","356":"e","357":"\"","358":":","359":"\"","360":"C","361":":","362":"\\","363":"\\","364":"U","365":"s","366":"e","367":"r","368":"s","369":"\\","370":"\\","371":"M","372":"a","373":"r","374":"i","375":"a","376":"n","377":"o","378":"R","379":"\\","380":"\\","381":"s","382":"o","383":"u","384":"r","385":"c","386":"e","387":"\\","388":"\\","389":"r","390":"e","391":"p","392":"o","393":"s","394":"\\","395":"\\","396":"v","397":"u","398":"e","399":"-","400":"p","401":"r","402":"a","403":"c","404":"t","405":"i","406":"c","407":"e","408":"\\","409":"\\","410":"s","411":"r","412":"c","413":"\\","414":"\\","415":"c","416":"o","417":"m","418":"p","419":"o","420":"n","421":"e","422":"n","423":"t","424":"s","425":"\\","426":"\\","427":"B","428":"u","429":"t","430":"t","431":"o","432":"n","433":"s","434":"\\","435":"\\","436":"A","437":"c","438":"t","439":"i","440":"o","441":"n","442":"B","443":"u","444":"t","445":"t","446":"o","447":"n","448":".","449":"v","450":"u","451":"e","452":"\"","453":",","454":"\"","455":"s","456":"o","457":"u","458":"r","459":"c","460":"e","461":"s","462":"C","463":"o","464":"n","465":"t","466":"e","467":"n","468":"t","469":"\"","470":":","471":"[","472":"\"","473":"<","474":"t","475":"e","476":"m","477":"p","478":"l","479":"a","480":"t","481":"e","482":">","483":"\\","484":"r","485":"\\","486":"n","487":" ","488":" ","489":"<","490":"b","491":"u","492":"t","493":"t","494":"o","495":"n","496":" ","497":":","498":"c","499":"l","500":"a","501":"s","502":"s","503":"=","504":"\\","505":"\"","506":"v","507":"a","508":"r","509":"i","510":"a","511":"n","512":"t","513":"\\","514":"\"","515":">","516":"\\","517":"r","518":"\\","519":"n","520":" ","521":" ","522":" ","523":" ","524":"<","525":"!","526":"-","527":"-","528":" ","529":"@","530":":","531":"c","532":"l","533":"i","534":"c","535":"k","536":" ","537":"i","538":"s","539":" ","540":"e","541":"q","542":"u","543":"i","544":"v","545":"a","546":"l","547":"e","548":"n","549":"t","550":" ","551":"t","552":"o","553":" ","554":"v","555":"-","556":"o","557":"n","558":":","559":"c","560":"l","561":"i","562":"c","563":"k","564":"=","565":" ","566":"-","567":"-","568":">","569":"\\","570":"r","571":"\\","572":"n","573":" ","574":" ","575":" ","576":" ","577":"{","578":"{","579":" ","580":"t","581":"e","582":"x","583":"t","584":" ","585":"}","586":"}","587":"\\","588":"r","589":"\\","590":"n","591":" ","592":" ","593":"<","594":"/","595":"b","596":"u","597":"t","598":"t","599":"o","600":"n","601":">","602":"\\","603":"r","604":"\\","605":"n","606":"<","607":"/","608":"t","609":"e","610":"m","611":"p","612":"l","613":"a","614":"t","615":"e","616":">","617":"\\","618":"r","619":"\\","620":"n","621":"\\","622":"r","623":"\\","624":"n","625":"<","626":"s","627":"c","628":"r","629":"i","630":"p","631":"t","632":">","633":"\\","634":"r","635":"\\","636":"n","637":"e","638":"x","639":"p","640":"o","641":"r","642":"t","643":" ","644":"d","645":"e","646":"f","647":"a","648":"u","649":"l","650":"t","651":" ","652":"{","653":"\\","654":"r","655":"\\","656":"n","657":" ","658":" ","659":"n","660":"a","661":"m","662":"e","663":":","664":" ","665":"\\","666":"\"","667":"A","668":"c","669":"t","670":"i","671":"o","672":"n","673":"B","674":"u","675":"t","676":"t","677":"o","678":"n","679":"\\","680":"\"","681":",","682":" ","683":"/","684":"/","685":" ","686":"r","687":"e","688":"m","689":"e","690":"m","691":"b","692":"e","693":"r","694":" ","695":"t","696":"h","697":"i","698":"s","699":" ","700":"h","701":"e","702":"l","703":"p","704":" ","705":"u","706":"s","707":" ","708":"i","709":"d","710":"e","711":"n","712":"t","713":"i","714":"f","715":"y","716":" ","717":"t","718":"h","719":"e","720":" ","721":"c","722":"o","723":"m","724":"p","725":"o","726":"n","727":"e","728":"n","729":"t","730":" ","731":"i","732":"n","733":" ","734":"t","735":"h","736":"e","737":" ","738":"d","739":"e","740":"b","741":"u","742":"g","743":" ","744":"t","745":"o","746":"o","747":"l","748":"s","749":"\\","750":"r","751":"\\","752":"n","753":" ","754":" ","755":"p","756":"r","757":"o","758":"p","759":"s","760":":","761":" ","762":"{","763":"\\","764":"r","765":"\\","766":"n","767":" ","768":" ","769":" ","770":" ","771":"t","772":"e","773":"x","774":"t","775":":","776":" ","777":"{","778":"\\","779":"r","780":"\\","781":"n","782":" ","783":" ","784":" ","785":" ","786":" ","787":" ","788":"t","789":"y","790":"p","791":"e","792":":","793":" ","794":"S","795":"t","796":"r","797":"i","798":"n","799":"g","800":",","801":"\\","802":"r","803":"\\","804":"n","805":" ","806":" ","807":" ","808":" ","809":" ","810":" ","811":"r","812":"e","813":"q","814":"u","815":"i","816":"r","817":"e","818":"d","819":":","820":" ","821":"t","822":"r","823":"u","824":"e","825":",","826":"\\","827":"r","828":"\\","829":"n","830":" ","831":" ","832":" ","833":" ","834":"}","835":",","836":"\\","837":"r","838":"\\","839":"n","840":" ","841":" ","842":" ","843":" ","844":"v","845":"a","846":"r","847":"i","848":"a","849":"n","850":"t","851":":","852":" ","853":"{","854":"\\","855":"r","856":"\\","857":"n","858":" ","859":" ","860":" ","861":" ","862":" ","863":" ","864":"t","865":"y","866":"p","867":"e","868":":","869":" ","870":"S","871":"t","872":"r","873":"i","874":"n","875":"g","876":",","877":"\\","878":"r","879":"\\","880":"n","881":" ","882":" ","883":" ","884":" ","885":" ","886":" ","887":"d","888":"e","889":"f","890":"a","891":"u","892":"l","893":"t","894":":","895":" ","896":"\\","897":"\"","898":"s","899":"e","900":"c","901":"o","902":"n","903":"d","904":"a","905":"r","906":"y","907":"\\","908":"\"","909":",","910":"\\","911":"r","912":"\\","913":"n","914":" ","915":" ","916":" ","917":" ","918":"}","919":",","920":"\\","921":"r","922":"\\","923":"n","924":" ","925":" ","926":" ","927":" ","928":"/","929":"/","930":"!","931":" ","932":"C","933":"o","934":"m","935":"p","936":"u","937":"t","938":"e","939":"d","940":" ","941":"d","942":"a","943":"t","944":"a","945":",","946":" ","947":"w","948":"o","949":"r","950":"k","951":"s","952":" ","953":"k","954":"i","955":"n","956":"d","957":"a","958":" ","959":"l","960":"i","961":"k","962":"e","963":" ","964":"d","965":"a","966":"t","967":"a","968":" ","969":"p","970":"r","971":"o","972":"p","973":"e","974":"r","975":"t","976":"y","977":",","978":" ","979":"b","980":"u","981":"t","982":" ","983":"i","984":"s","985":" ","986":"u","987":"s","988":"e","989":"d","990":" ","991":"w","992":"h","993":"e","994":"n","995":" ","996":"y","997":"o","998":"u","999":" ","1000":"h","1001":"a","1002":"v","1003":"e","1004":" ","1005":"d","1006":"a","1007":"t","1008":"a","1009":" ","1010":"t","1011":"h","1012":"a","1013":"t","1014":" ","1015":"i","1016":"s","1017":" ","1018":"d","1019":"e","1020":"p","1021":"e","1022":"n","1023":"d","1024":"a","1025":"n","1026":"t","1027":" ","1028":"o","1029":"n","1030":" ","1031":"o","1032":"t","1033":"h","1034":"e","1035":"r","1036":" ","1037":"p","1038":"i","1039":"e","1040":"c","1041":"e","1042":"s","1043":" ","1044":"o","1045":"f","1046":" ","1047":"d","1048":"a","1049":"t","1050":"a","1051":".","1052":"\\","1053":"r","1054":"\\","1055":"n","1056":" ","1057":" ","1058":" ","1059":" ","1060":"/","1061":"/","1062":"?","1063":" ","1064":"P","1065":"i","1066":"e","1067":"c","1068":"e","1069":"s","1070":" ","1071":"o","1072":"f","1073":" ","1074":"d","1075":"a","1076":"t","1077":"a","1078":" ","1079":"t","1080":"h","1081":"a","1082":"t","1083":" ","1084":"c","1085":"h","1086":"a","1087":"n","1088":"g","1089":"e","1090":"s","1091":" ","1092":"b","1093":"a","1094":"s","1095":"e","1096":"d","1097":" ","1098":"o","1099":"n","1100":" ","1101":"o","1102":"t","1103":"h","1104":"e","1105":"r","1106":" ","1107":"t","1108":"y","1109":"p","1110":"e","1111":"s","1112":" ","1113":"o","1114":"f","1115":" ","1116":"d","1117":"a","1118":"t","1119":"a","1120":".","1121":" ","1122":"K","1123":"i","1124":"n","1125":"d","1126":"a","1127":" ","1128":"l","1129":"i","1130":"k","1131":"e","1132":" ","1133":"u","1134":"s","1135":"e","1136":"E","1137":"f","1138":"f","1139":"e","1140":"c","1141":"t","1142":",","1143":" ","1144":"v","1145":"u","1146":"e","1147":" ","1148":"k","1149":"e","1150":"e","1151":"p","1152":"s","1153":" ","1154":"t","1155":"r","1156":"a","1157":"c","1158":"k","1159":" ","1160":"o","1161":"f","1162":" ","1163":"w","1164":"h","1165":"a","1166":"t","1167":"e","1168":"v","1169":"e","1170":"r","1171":" ","1172":"v","1173":"a","1174":"r","1175":"i","1176":"a","1177":"b","1178":"l","1179":"e","1180":"s","1181":" ","1182":"u","1183":"s","1184":"e","1185":"d","1186":" ","1187":"t","1188":"o","1189":" ","1190":"c","1191":"a","1192":"l","1193":"c","1194":"u","1195":"l","1196":"a","1197":"t","1198":"e","1199":" ","1200":"a","1201":"n","1202":"y","1203":" ","1204":"c","1205":"o","1206":"m","1207":"p","1208":"u","1209":"t","1210":"e","1211":"d","1212":" ","1213":"v","1214":"a","1215":"r","1216":"i","1217":"a","1218":"b","1219":"l","1220":"e","1221":" ","1222":"a","1223":"n","1224":"d","1225":" ","1226":"u","1227":"p","1228":"d","1229":"a","1230":"t","1231":"e","1232":" ","1233":"i","1234":"t","1235":" ","1236":"a","1237":"u","1238":"t","1239":"o","1240":"m","1241":"a","1242":"t","1243":"i","1244":"c","1245":"a","1246":"l","1247":"l","1248":"y","1249":"\\","1250":"r","1251":"\\","1252":"n","1253":" ","1254":" ","1255":" ","1256":" ","1257":"/","1258":"/","1259":" ","1260":"c","1261":"o","1262":"m","1263":"p","1264":"u","1265":"t","1266":"e","1267":"d","1268":":","1269":" ","1270":"{","1271":"}","1272":",","1273":"\\","1274":"r","1275":"\\","1276":"n","1277":" ","1278":" ","1279":"}","1280":",","1281":"\\","1282":"r","1283":"\\","1284":"n","1285":"}","1286":";","1287":"\\","1288":"r","1289":"\\","1290":"n","1291":"<","1292":"/","1293":"s","1294":"c","1295":"r","1296":"i","1297":"p","1298":"t","1299":">","1300":"\\","1301":"r","1302":"\\","1303":"n","1304":"\\","1305":"r","1306":"\\","1307":"n","1308":"<","1309":"s","1310":"t","1311":"y","1312":"l","1313":"e","1314":" ","1315":"s","1316":"c","1317":"o","1318":"p","1319":"e","1320":"d","1321":">","1322":"\\","1323":"r","1324":"\\","1325":"n","1326":"b","1327":"u","1328":"t","1329":"t","1330":"o","1331":"n","1332":" ","1333":"{","1334":"\\","1335":"r","1336":"\\","1337":"n","1338":" ","1339":" ","1340":"/","1341":"*","1342":" ","1343":"@","1344":"a","1345":"p","1346":"p","1347":"l","1348":"y","1349":" ","1350":"a","1351":"l","1352":"l","1353":"o","1354":"w","1355":"s","1356":" ","1357":"y","1358":"o","1359":"u","1360":" ","1361":"t","1362":"o","1363":" ","1364":"w","1365":"r","1366":"i","1367":"t","1368":"e","1369":" ","1370":"i","1371":"n","1372":"l","1373":"i","1374":"n","1375":"e","1376":" ","1377":"t","1378":"a","1379":"i","1380":"l","1381":"w","1382":"i","1383":"n","1384":"d","1385":" ","1386":"c","1387":"l","1388":"a","1389":"s","1390":"s","1391":"e","1392":"s","1393":" ","1394":"i","1395":"n","1396":" ","1397":"c","1398":"s","1399":"s","1400":"*","1401":"/","1402":"\\","1403":"r","1404":"\\","1405":"n","1406":" ","1407":" ","1408":"@","1409":"a","1410":"p","1411":"p","1412":"l","1413":"y","1414":" ","1415":"p","1416":"x","1417":"-","1418":"5","1419":" ","1420":"p","1421":"y","1422":"-","1423":"3","1424":" ","1425":"r","1426":"o","1427":"u","1428":"n","1429":"d","1430":"e","1431":"d","1432":" ","1433":"f","1434":"o","1435":"n","1436":"t","1437":"-","1438":"m","1439":"e","1440":"d","1441":"i","1442":"u","1443":"m","1444":";","1445":"\\","1446":"r","1447":"\\","1448":"n","1449":"}","1450":"\\","1451":"r","1452":"\\","1453":"n","1454":"\\","1455":"r","1456":"\\","1457":"n","1458":".","1459":"p","1460":"r","1461":"i","1462":"m","1463":"a","1464":"r","1465":"y","1466":" ","1467":"{","1468":"\\","1469":"r","1470":"\\","1471":"n","1472":" ","1473":" ","1474":"@","1475":"a","1476":"p","1477":"p","1478":"l","1479":"y","1480":" ","1481":"t","1482":"e","1483":"x","1484":"t","1485":"-","1486":"w","1487":"h","1488":"i","1489":"t","1490":"e","1491":" ","1492":"r","1493":"o","1494":"u","1495":"n","1496":"d","1497":"e","1498":"d","1499":" ","1500":"b","1501":"g","1502":"-","1503":"b","1504":"r","1505":"a","1506":"n","1507":"d","1508":"-","1509":"b","1510":"l","1511":"u","1512":"e","1513":"-","1514":"1","1515":" ","1516":"h","1517":"o","1518":"v","1519":"e","1520":"r","1521":":","1522":"s","1523":"h","1524":"a","1525":"d","1526":"o","1527":"w","1528":"-","1529":"b","1530":"l","1531":"u","1532":"e","1533":";","1534":"\\","1535":"r","1536":"\\","1537":"n","1538":"}","1539":"\\","1540":"r","1541":"\\","1542":"n","1543":"\\","1544":"r","1545":"\\","1546":"n","1547":".","1548":"s","1549":"e","1550":"c","1551":"o","1552":"n","1553":"d","1554":"a","1555":"r","1556":"y","1557":" ","1558":"{","1559":"\\","1560":"r","1561":"\\","1562":"n","1563":" ","1564":" ","1565":"@","1566":"a","1567":"p","1568":"p","1569":"l","1570":"y","1571":" ","1572":"t","1573":"e","1574":"x","1575":"t","1576":"-","1577":"b","1578":"r","1579":"a","1580":"n","1581":"d","1582":"-","1583":"b","1584":"l","1585":"u","1586":"e","1587":"-","1588":"1","1589":" ","1590":"b","1591":"g","1592":"-","1593":"t","1594":"r","1595":"a","1596":"n","1597":"s","1598":"p","1599":"a","1600":"r","1601":"e","1602":"n","1603":"t","1604":" ","1605":"h","1606":"o","1607":"v","1608":"e","1609":"r","1610":":","1611":"b","1612":"g","1613":"-","1614":"b","1615":"r","1616":"a","1617":"n","1618":"d","1619":"-","1620":"b","1621":"l","1622":"u","1623":"e","1624":"-","1625":"2","1626":" ","1627":"h","1628":"o","1629":"v","1630":"e","1631":"r","1632":":","1633":"t","1634":"e","1635":"x","1636":"t","1637":"-","1638":"w","1639":"h","1640":"i","1641":"t","1642":"e","1643":";","1644":"\\","1645":"r","1646":"\\","1647":"n","1648":"}","1649":"\\","1650":"r","1651":"\\","1652":"n","1653":"<","1654":"/","1655":"s","1656":"t","1657":"y","1658":"l","1659":"e","1660":">","1661":"\\","1662":"r","1663":"\\","1664":"n","1665":"\"","1666":"]","1667":"}"},"_coverageSchema":"1a1c01bbd47fc00a2c39e90264f33305004495a9","hash":"47119c562f5987a5376e64bcaa30fc0a23a108cf"}
,"C:\\Users\\MarianoR\\source\\repos\\vue-practice\\src\\components\\ProfileImage\\ProfileImage.vue": {"path":"C:\\Users\\MarianoR\\source\\repos\\vue-practice\\src\\components\\ProfileImage\\ProfileImage.vue","statementMap":{"0":{"start":{"line":4,"column":0},"end":{"line":6,"column":3}},"1":{"start":{"line":7,"column":0},"end":{"line":7,"column":25}},"2":{"start":{"line":8,"column":15},"end":{"line":15,"column":1}},"3":{"start":{"line":11,"column":4},"end":{"line":13,"column":6}},"4":{"start":{"line":18,"column":0},"end":{"line":18,"column":13}},"5":{"start":{"line":20,"column":0},"end":{"line":22,"column":3}},"6":{"start":{"line":23,"column":0},"end":{"line":23,"column":24}},"7":{"start":{"line":24,"column":11},"end":{"line":24,"column":25}},"8":{"start":{"line":25,"column":19},"end":{"line":25,"column":26}},"9":{"start":{"line":27,"column":2},"end":{"line":30,"column":38}},"10":{"start":{"line":31,"column":2},"end":{"line":31,"column":49}}},"fnMap":{"0":{"name":"(anonymous_0)","decl":{"start":{"line":10,"column":2},"end":{"line":10,"column":3}},"loc":{"start":{"line":10,"column":9},"end":{"line":14,"column":3}},"line":10},"1":{"name":"render","decl":{"start":{"line":26,"column":9},"end":{"line":26,"column":15}},"loc":{"start":{"line":26,"column":30},"end":{"line":31,"column":1}},"line":26}},"branchMap":{},"s":{"0":1,"1":1,"2":1,"3":1,"4":1,"5":1,"6":1,"7":1,"8":1,"9":1,"10":1},"f":{"0":1,"1":1},"b":{},"inputSourceMap":{"0":"{","1":"\"","2":"v","3":"e","4":"r","5":"s","6":"i","7":"o","8":"n","9":"\"","10":":","11":"3","12":",","13":"\"","14":"s","15":"o","16":"u","17":"r","18":"c","19":"e","20":"s","21":"\"","22":":","23":"[","24":"\"","25":"C","26":":","27":"\\","28":"\\","29":"U","30":"s","31":"e","32":"r","33":"s","34":"\\","35":"\\","36":"M","37":"a","38":"r","39":"i","40":"a","41":"n","42":"o","43":"R","44":"\\","45":"\\","46":"s","47":"o","48":"u","49":"r","50":"c","51":"e","52":"\\","53":"\\","54":"r","55":"e","56":"p","57":"o","58":"s","59":"\\","60":"\\","61":"v","62":"u","63":"e","64":"-","65":"p","66":"r","67":"a","68":"c","69":"t","70":"i","71":"c","72":"e","73":"\\","74":"\\","75":"s","76":"r","77":"c","78":"\\","79":"\\","80":"c","81":"o","82":"m","83":"p","84":"o","85":"n","86":"e","87":"n","88":"t","89":"s","90":"\\","91":"\\","92":"P","93":"r","94":"o","95":"f","96":"i","97":"l","98":"e","99":"I","100":"m","101":"a","102":"g","103":"e","104":"\\","105":"\\","106":"P","107":"r","108":"o","109":"f","110":"i","111":"l","112":"e","113":"I","114":"m","115":"a","116":"g","117":"e","118":".","119":"v","120":"u","121":"e","122":"\"","123":"]","124":",","125":"\"","126":"n","127":"a","128":"m","129":"e","130":"s","131":"\"","132":":","133":"[","134":"]","135":",","136":"\"","137":"m","138":"a","139":"p","140":"p","141":"i","142":"n","143":"g","144":"s","145":"\"","146":":","147":"\"","148":";","149":";","150":";","151":";","152":";","153":";","154":";","155":"e","156":"A","157":"K","158":"e","159":";","160":"E","161":"A","162":"C","163":"b","164":",","165":"I","166":"A","167":"A","168":"I","169":",","170":"E","171":"A","172":"A","173":"E","174":",","175":"c","176":"A","177":"A","178":"c","179":";","180":"E","181":"A","182":"C","183":"p","184":"B","185":",","186":"I","187":"A","188":"A","189":"I","190":",","191":"G","192":"A","193":"A","194":"G","195":";","196":"I","197":"A","198":"C","199":"L","200":",","201":"O","202":"A","203":"A","204":"O","205":";","206":"M","207":"A","208":"C","209":"L","210":",","211":"S","212":"A","213":"A","214":"S","215":",","216":"E","217":"A","218":"A","219":"E","220":";","221":"I","222":"A","223":"C","224":"b","225":",","226":"C","227":"A","228":"A","229":"C","230":";","231":"E","232":"A","233":"C","234":"H","235":";","236":"A","237":"A","238":"C","239":"F","240":",","241":"C","242":"A","243":"A","244":"C","245":";","246":"A","247":"A","248":"A","249":"A","250":";","251":"A","252":"A","253":"A","254":"A","255":"\"","256":",","257":"\"","258":"f","259":"i","260":"l","261":"e","262":"\"","263":":","264":"\"","265":"C","266":":","267":"\\","268":"\\","269":"U","270":"s","271":"e","272":"r","273":"s","274":"\\","275":"\\","276":"M","277":"a","278":"r","279":"i","280":"a","281":"n","282":"o","283":"R","284":"\\","285":"\\","286":"s","287":"o","288":"u","289":"r","290":"c","291":"e","292":"\\","293":"\\","294":"r","295":"e","296":"p","297":"o","298":"s","299":"\\","300":"\\","301":"v","302":"u","303":"e","304":"-","305":"p","306":"r","307":"a","308":"c","309":"t","310":"i","311":"c","312":"e","313":"\\","314":"\\","315":"s","316":"r","317":"c","318":"\\","319":"\\","320":"c","321":"o","322":"m","323":"p","324":"o","325":"n","326":"e","327":"n","328":"t","329":"s","330":"\\","331":"\\","332":"P","333":"r","334":"o","335":"f","336":"i","337":"l","338":"e","339":"I","340":"m","341":"a","342":"g","343":"e","344":"\\","345":"\\","346":"P","347":"r","348":"o","349":"f","350":"i","351":"l","352":"e","353":"I","354":"m","355":"a","356":"g","357":"e","358":".","359":"v","360":"u","361":"e","362":"\"","363":",","364":"\"","365":"s","366":"o","367":"u","368":"r","369":"c","370":"e","371":"s","372":"C","373":"o","374":"n","375":"t","376":"e","377":"n","378":"t","379":"\"","380":":","381":"[","382":"\"","383":"<","384":"t","385":"e","386":"m","387":"p","388":"l","389":"a","390":"t","391":"e","392":">","393":"\\","394":"r","395":"\\","396":"n","397":" ","398":" ","399":"<","400":"i","401":"m","402":"g","403":" ","404":":","405":"s","406":"r","407":"c","408":"=","409":"\\","410":"\"","411":"i","412":"m","413":"a","414":"g","415":"e","416":"L","417":"i","418":"n","419":"k","420":"\\","421":"\"","422":" ","423":"c","424":"l","425":"a","426":"s","427":"s","428":"=","429":"\\","430":"\"","431":"w","432":"-","433":"8","434":" ","435":"h","436":"-","437":"8","438":" ","439":"o","440":"b","441":"j","442":"e","443":"c","444":"t","445":"-","446":"c","447":"o","448":"n","449":"t","450":"a","451":"i","452":"n","453":" ","454":"r","455":"o","456":"u","457":"n","458":"d","459":"e","460":"d","461":"-","462":"3","463":"x","464":"l","465":"\\","466":"\"","467":" ","468":"/","469":">","470":"\\","471":"r","472":"\\","473":"n","474":"<","475":"/","476":"t","477":"e","478":"m","479":"p","480":"l","481":"a","482":"t","483":"e","484":">","485":"\\","486":"r","487":"\\","488":"n","489":"\\","490":"r","491":"\\","492":"n","493":"<","494":"s","495":"c","496":"r","497":"i","498":"p","499":"t","500":">","501":"\\","502":"r","503":"\\","504":"n","505":"e","506":"x","507":"p","508":"o","509":"r","510":"t","511":" ","512":"d","513":"e","514":"f","515":"a","516":"u","517":"l","518":"t","519":" ","520":"{","521":"\\","522":"r","523":"\\","524":"n","525":" ","526":" ","527":"n","528":"a","529":"m","530":"e","531":":","532":" ","533":"\\","534":"\"","535":"P","536":"r","537":"o","538":"f","539":"i","540":"l","541":"e","542":"I","543":"m","544":"a","545":"g","546":"e","547":"\\","548":"\"","549":",","550":"\\","551":"r","552":"\\","553":"n","554":" ","555":" ","556":"d","557":"a","558":"t","559":"a","560":"(","561":")","562":" ","563":"{","564":"\\","565":"r","566":"\\","567":"n","568":" ","569":" ","570":" ","571":" ","572":"r","573":"e","574":"t","575":"u","576":"r","577":"n","578":" ","579":"{","580":"\\","581":"r","582":"\\","583":"n","584":" ","585":" ","586":" ","587":" ","588":" ","589":" ","590":"i","591":"m","592":"a","593":"g","594":"e","595":"L","596":"i","597":"n","598":"k","599":":","600":" ","601":"\\","602":"\"","603":"h","604":"t","605":"t","606":"p","607":"s","608":":","609":"/","610":"/","611":"c","612":"d","613":"n","614":"-","615":"i","616":"c","617":"o","618":"n","619":"s","620":"-","621":"p","622":"n","623":"g","624":".","625":"f","626":"l","627":"a","628":"t","629":"i","630":"c","631":"o","632":"n","633":".","634":"c","635":"o","636":"m","637":"/","638":"5","639":"1","640":"2","641":"/","642":"1","643":"4","644":"9","645":"/","646":"1","647":"4","648":"9","649":"0","650":"7","651":"1","652":".","653":"p","654":"n","655":"g","656":"\\","657":"\"","658":",","659":"\\","660":"r","661":"\\","662":"n","663":" ","664":" ","665":" ","666":" ","667":"}","668":";","669":"\\","670":"r","671":"\\","672":"n","673":" ","674":" ","675":"}","676":",","677":"\\","678":"r","679":"\\","680":"n","681":"}","682":";","683":"\\","684":"r","685":"\\","686":"n","687":"<","688":"/","689":"s","690":"c","691":"r","692":"i","693":"p","694":"t","695":">","696":"\\","697":"r","698":"\\","699":"n","700":"\"","701":"]","702":"}"},"_coverageSchema":"1a1c01bbd47fc00a2c39e90264f33305004495a9","hash":"086b186405337fa323bd0617a319d249288e1bd9"}
}
