TN:
SF:src\playground.js
FN:1,(anonymous_0)
FN:9,(anonymous_1)
FNF:2
FNH:2
FNDA:2,(anonymous_0)
FNDA:1,(anonymous_1)
DA:1,1
DA:2,2
DA:3,1
DA:5,1
DA:9,1
DA:10,1
LF:6
LH:6
BRDA:2,0,0,1
BRDA:2,0,1,1
BRF:2
BRH:2
end_of_record
TN:
SF:src\components\MainNav.vue
FN:19,(anonymous_0)
FN:54,render
FN:58,(anonymous_2)
FNF:3
FNH:3
FNDA:3,(anonymous_0)
FNDA:4,render
FNDA:24,(anonymous_2)
DA:4,1
DA:7,1
DA:9,1
DA:22,3
DA:30,1
DA:32,1
DA:35,1
DA:36,1
DA:37,1
DA:40,1
DA:43,1
DA:46,1
DA:47,1
DA:50,1
DA:53,1
DA:55,4
DA:59,24
DA:68,1
LF:18
LH:18
BRDA:61,0,0,4
BRDA:61,0,1,20
BRF:2
BRH:2
end_of_record
