TN:
SF:src\playground.js
FN:1,(anonymous_0)
FN:9,(anonymous_1)
FNF:2
FNH:2
FNDA:2,(anonymous_0)
FNDA:1,(anonymous_1)
DA:1,1
DA:2,2
DA:3,1
DA:5,1
DA:9,1
DA:10,1
LF:6
LH:6
BRDA:2,0,0,1
BRDA:2,0,1,1
BRF:2
BRH:2
end_of_record
TN:
SF:src\components\MainNav.vue
FN:84,render
FN:90,(anonymous_1)
FNF:2
FNH:2
FNDA:6,render
FNDA:36,(anonymous_1)
DA:4,1
DA:5,1
DA:8,1
DA:57,1
DA:59,1
DA:62,1
DA:63,1
DA:64,1
DA:67,1
DA:70,1
DA:73,1
DA:74,1
DA:77,1
DA:80,1
DA:81,1
DA:85,6
DA:86,6
DA:87,6
DA:91,36
DA:107,1
LF:20
LH:20
BRDA:93,0,0,6
BRDA:93,0,1,30
BRDA:99,1,0,1
BRDA:99,1,1,5
BRF:4
BRH:4
end_of_record
TN:
SF:src\components\Buttons\ActionButton.vue
FN:34,render
FNF:1
FNH:1
FNDA:5,render
DA:4,2
DA:7,2
DA:8,2
DA:27,2
DA:29,2
DA:32,2
DA:33,2
DA:35,5
DA:38,2
LF:9
LH:9
BRF:0
BRH:0
end_of_record
TN:
SF:src\components\ProfileImage\ProfileImage.vue
FN:10,(anonymous_0)
FN:26,render
FNF:2
FNH:2
FNDA:1,(anonymous_0)
FNDA:1,render
DA:4,1
DA:7,1
DA:8,1
DA:11,1
DA:18,1
DA:20,1
DA:23,1
DA:24,1
DA:25,1
DA:27,1
DA:31,1
LF:11
LH:11
BRF:0
BRH:0
end_of_record
